

Microchip MPLAB XC8 Assembler V2.05 build -831301201 
                                                                                               Mon Apr 06 20:08:27 2020

Microchip MPLAB XC8 C Compiler v2.05 (Free license) build 20181220022703 Og9 
     1                           	processor	18F23K22
     2                           	fnconf	rparam,??,?,0
     3                           	opt	pw 120
     4                           	opt	flic
     5                           	psect	nvCOMRAM,global,class=COMRAM,space=1,delta=1,noexec
     6                           	psect	cinit,global,reloc=2,class=CODE,delta=1
     7                           	psect	bssCOMRAM,global,class=COMRAM,space=1,delta=1,noexec
     8                           	psect	cstackCOMRAM,global,class=COMRAM,space=1,delta=1,noexec
     9                           	psect	text0,global,reloc=2,class=CODE,delta=1
    10                           	psect	text1,global,reloc=2,class=CODE,delta=1
    11                           	psect	text2,global,reloc=2,class=CODE,delta=1
    12                           	psect	text3,global,reloc=2,class=CODE,delta=1
    13                           	psect	text4,global,reloc=2,class=CODE,delta=1
    14                           	psect	text5,global,reloc=2,class=CODE,delta=1
    15                           	psect	text6,global,reloc=2,class=CODE,delta=1
    16                           	psect	text7,global,reloc=2,class=CODE,delta=1
    17                           	psect	text8,global,reloc=2,class=CODE,delta=1
    18                           	psect	text9,global,reloc=2,class=CODE,delta=1
    19                           	psect	intcode,global,reloc=2,class=CODE,delta=1
    20                           	psect	text11,global,reloc=2,class=CODE,delta=1
    21                           	psect	text12,global,reloc=2,class=CODE,delta=1
    22                           	psect	intsave_regs,global,class=BIGRAM,space=1,delta=1,noexec
    23                           	psect	text13,global,reloc=2,class=CODE,delta=1
    24                           	psect	rparam,global,class=COMRAM,space=1,delta=1,noexec
    25                           	psect	temp,global,ovrld,common,class=COMRAM,space=1,delta=1
    26  0000                     
    27                           ; Version 2.05
    28                           ; Generated 20/12/2018 GMT
    29                           ; 
    30                           ; Copyright © 2018, Microchip Technology Inc. and its subsidiaries ("Microchip")
    31                           ; All rights reserved.
    32                           ; 
    33                           ; This software is developed by Microchip Technology Inc. and its subsidiaries ("Microch
      +                          ip").
    34                           ; 
    35                           ; Redistribution and use in source and binary forms, with or without modification, are
    36                           ; permitted provided that the following conditions are met:
    37                           ; 
    38                           ;     1. Redistributions of source code must retain the above copyright notice, this lis
      +                          t of
    39                           ;        conditions and the following disclaimer.
    40                           ; 
    41                           ;     2. Redistributions in binary form must reproduce the above copyright notice, this 
      +                          list
    42                           ;        of conditions and the following disclaimer in the documentation and/or other
    43                           ;        materials provided with the distribution.
    44                           ; 
    45                           ;     3. Microchip's name may not be used to endorse or promote products derived from th
      +                          is
    46                           ;        software without specific prior written permission.
    47                           ; 
    48                           ; THIS SOFTWARE IS PROVIDED BY MICROCHIP "AS IS" AND ANY EXPRESS OR IMPLIED WARRANTIES,
    49                           ; INCLUDING, BUT NOT LIMITED TO, THE IMPLIED WARRANTIES OF MERCHANTABILITY AND FITNESS F
      +                          OR
    50                           ; PURPOSE ARE DISCLAIMED.  IN NO EVENT SHALL MICROCHIP BE LIABLE FOR ANY DIRECT, INDIREC
      +                          T,
    51                           ; INCIDENTAL, SPECIAL, EXEMPLARY, OR CONSEQUENTIAL DAMAGES (INCLUDING BUT NOT LIMITED TO
    52                           ; PROCUREMENT OF SUBSTITUTE GOODS OR SERVICES; LOSS OF USE, DATA OR PROFITS; OR BUSINESS
    53                           ; INTERRUPTION) HOWSOEVER CAUSED AND ON ANY THEORY OF LIABILITY, WHETHER IN CONTRACT, ST
      +                          RICT
    54                           ; LIABILITY, OR TORT (INCLUDING NEGLIGENCE OR OTHERWISE) ARISING IN ANY WAY OUT OF THE U
      +                          SE OF
    55                           ; THIS SOFTWARE, EVEN IF ADVISED OF THE POSSIBILITY OF SUCH DAMAGE.
    56                           ; 
    57                           ; 
    58                           ; Code-generator required, PIC18F23K22 Definitions
    59                           ; 
    60                           ; SFR Addresses
    61  0000                     
    62                           	psect	nvCOMRAM
    63  000021                     __pnvCOMRAM:
    64                           	opt callstack 0
    65  000021                     _TMR0_InterruptHandler:
    66                           	opt callstack 0
    67  000021                     	ds	2
    68  000023                     _timer0ReloadVal:
    69                           	opt callstack 0
    70  000023                     	ds	1
    71  0000                     _ANSELA	set	3896
    72  0000                     _ANSELB	set	3897
    73  0000                     _ANSELC	set	3898
    74  0000                     _PORTAbits	set	3968
    75  0000                     _LATAbits	set	3977
    76  0000                     _INTCON2bits	set	4081
    77  0000                     _WPUB	set	3937
    78  0000                     _TRISC	set	3988
    79  0000                     _TRISB	set	3987
    80  0000                     _TRISA	set	3986
    81  0000                     _LATC	set	3979
    82  0000                     _LATB	set	3978
    83  0000                     _LATA	set	3977
    84  0000                     _OSCTUNE	set	3995
    85  0000                     _OSCCON2	set	4050
    86  0000                     _OSCCON	set	4051
    87  0000                     _RCONbits	set	4048
    88  0000                     _T0CON	set	4053
    89  0000                     _INTCONbits	set	4082
    90  0000                     _TMR0L	set	4054
    91  0000                     _TMR0H	set	4055
    92                           
    93                           ; #config settings
    94  0000                     
    95                           	psect	cinit
    96  00021E                     __pcinit:
    97                           	opt callstack 0
    98  00021E                     start_initialization:
    99                           	opt callstack 0
   100  00021E                     __initialization:
   101                           	opt callstack 0
   102                           
   103                           ; Clear objects allocated to COMRAM (9 bytes)
   104  00021E  EE00  F018         	lfsr	0,__pbssCOMRAM
   105  000222  0E09               	movlw	9
   106  000224                     clear_0:
   107  000224  6AEE               	clrf	postinc0,c
   108  000226  06E8               	decf	wreg,f,c
   109  000228  E1FD               	bnz	clear_0
   110  00022A                     end_of_initialization:
   111                           	opt callstack 0
   112  00022A                     __end_of__initialization:
   113                           	opt callstack 0
   114  00022A  9024               	bcf	int$flags,0,c	;clear compiler interrupt flag (level 1)
   115  00022C  9224               	bcf	int$flags,1,c	;clear compiler interrupt flag (level 2)
   116  00022E  0E00               	movlw	low (__Lmediumconst shr (0+16))
   117  000230  6EF8               	movwf	tblptru,c
   118  000232  0100               	movlb	0
   119  000234  EF16  F000         	goto	_main	;jump to C main() function
   120                           
   121                           	psect	bssCOMRAM
   122  000018                     __pbssCOMRAM:
   123                           	opt callstack 0
   124  000018                     _timeCounter:
   125                           	opt callstack 0
   126  000018                     	ds	4
   127  00001C                     _temp:
   128                           	opt callstack 0
   129  00001C                     	ds	2
   130  00001E                     _CD4094Buffer:
   131                           	opt callstack 0
   132  00001E                     	ds	2
   133  000020                     _CD4021Buffer:
   134                           	opt callstack 0
   135  000020                     	ds	1
   136                           
   137                           	psect	cstackCOMRAM
   138  000001                     __pcstackCOMRAM:
   139                           	opt callstack 0
   140  000001                     ??_INTERRUPT_InterruptManager:
   141  000001                     
   142                           ; 1 bytes @ 0x0
   143  000001                     	ds	2
   144  000003                     ??_CD4021Driver:
   145  000003                     ??_CD4094Driver:
   146  000003                     CD4094WriteH@BufferH:
   147                           	opt callstack 0
   148  000003                     TMR0_SetInterruptHandler@InterruptHandler:
   149                           	opt callstack 0
   150                           
   151                           ; 2 bytes @ 0x2
   152  000003                     	ds	1
   153  000004                     CD4021Driver@temp:
   154                           	opt callstack 0
   155  000004                     CD4094Driver@i:
   156                           	opt callstack 0
   157                           
   158                           ; 2 bytes @ 0x3
   159  000004                     	ds	1
   160  000005                     
   161                           ; 1 bytes @ 0x4
   162  000005                     	ds	1
   163  000006                     CD4021Driver@i:
   164                           	opt callstack 0
   165                           
   166                           ; 2 bytes @ 0x5
   167  000006                     	ds	2
   168  000008                     ??_main:
   169                           
   170                           ; 1 bytes @ 0x7
   171  000008                     	ds	8
   172  000010                     main@CD4094DriveTimeCounter:
   173                           	opt callstack 0
   174                           
   175                           ; 4 bytes @ 0xF
   176  000010                     	ds	4
   177  000014                     main@CD4021DriveTimeCounter:
   178                           	opt callstack 0
   179                           
   180                           ; 4 bytes @ 0x13
   181  000014                     	ds	4
   182                           
   183 ;;
   184 ;;Main: autosize = 0, tempsize = 4, incstack = 0, save=0
   185 ;;
   186 ;; *************** function _main *****************
   187 ;; Defined at:
   188 ;;		line 53 in file "main.c"
   189 ;; Parameters:    Size  Location     Type
   190 ;;		None
   191 ;; Auto vars:     Size  Location     Type
   192 ;;  temp            1    0        unsigned char 
   193 ;;  CD4021DriveT    4   19[COMRAM] unsigned long 
   194 ;;  CD4094DriveT    4   15[COMRAM] unsigned long 
   195 ;;  myCounter       4    0        unsigned long 
   196 ;; Return value:  Size  Location     Type
   197 ;;                  1    wreg      void 
   198 ;; Registers used:
   199 ;;		wreg, status,2, status,0, cstack
   200 ;; Tracked objects:
   201 ;;		On entry : 0/0
   202 ;;		On exit  : 0/0
   203 ;;		Unchanged: 0/0
   204 ;; Data sizes:     COMRAM   BANK0   BANK1
   205 ;;      Params:         0       0       0
   206 ;;      Locals:        13       0       0
   207 ;;      Temps:          4       0       0
   208 ;;      Totals:        17       0       0
   209 ;;Total ram usage:       17 bytes
   210 ;; Hardware stack levels required when called:    6
   211 ;; This function calls:
   212 ;;		_CD4021Driver
   213 ;;		_CD4094Driver
   214 ;;		_CD4094WriteH
   215 ;;		_SYSTEM_Initialize
   216 ;; This function is called by:
   217 ;;		Startup code after reset
   218 ;; This function uses a non-reentrant model
   219 ;;
   220                           
   221                           	psect	text0
   222  00002C                     __ptext0:
   223                           	opt callstack 0
   224  00002C                     _main:
   225                           	opt callstack 25
   226                           
   227                           ;main.c: 56: SYSTEM_Initialize();
   228                           
   229                           ;incstack = 0
   230  00002C  EC1C  F001         	call	_SYSTEM_Initialize	;wreg free
   231                           
   232                           ; BSR set to: 15
   233                           ;main.c: 63: (INTCONbits.GIE = 1);
   234  000030  8EF2               	bsf	4082,7,c	;volatile
   235                           
   236                           ; BSR set to: 15
   237                           ;main.c: 73: uint32_t CD4094DriveTimeCounter = 0, CD4021DriveTimeCounter = 0,myCounter=0
      +                          ;
   238  000032  0E00               	movlw	0
   239  000034  6E10               	movwf	main@CD4094DriveTimeCounter,c
   240  000036  0E00               	movlw	0
   241  000038  6E11               	movwf	main@CD4094DriveTimeCounter+1,c
   242  00003A  0E00               	movlw	0
   243  00003C  6E12               	movwf	main@CD4094DriveTimeCounter+2,c
   244  00003E  0E00               	movlw	0
   245  000040  6E13               	movwf	main@CD4094DriveTimeCounter+3,c
   246                           
   247                           ; BSR set to: 15
   248  000042  0E00               	movlw	0
   249  000044  6E14               	movwf	main@CD4021DriveTimeCounter,c
   250  000046  0E00               	movlw	0
   251  000048  6E15               	movwf	main@CD4021DriveTimeCounter+1,c
   252  00004A  0E00               	movlw	0
   253  00004C  6E16               	movwf	main@CD4021DriveTimeCounter+2,c
   254  00004E  0E00               	movlw	0
   255  000050  6E17               	movwf	main@CD4021DriveTimeCounter+3,c
   256  000052                     
   257                           ;main.c: 83: CD4094WriteH(temp);
   258                           
   259                           ; BSR set to: 15
   260  000052  0E01               	movlw	1
   261  000054  EC38  F001         	call	_CD4094WriteH
   262                           
   263                           ;main.c: 84: if((timeCounter - CD4094DriveTimeCounter)>=11){
   264  000058  5010               	movf	main@CD4094DriveTimeCounter,w,c
   265  00005A  5C18               	subwf	_timeCounter,w,c
   266  00005C  6E08               	movwf	??_main& (0+255),c
   267  00005E  5011               	movf	main@CD4094DriveTimeCounter+1,w,c
   268  000060  5819               	subwfb	_timeCounter+1,w,c
   269  000062  6E09               	movwf	(??_main+1)& (0+255),c
   270  000064  5012               	movf	main@CD4094DriveTimeCounter+2,w,c
   271  000066  581A               	subwfb	_timeCounter+2,w,c
   272  000068  6E0A               	movwf	(??_main+2)& (0+255),c
   273  00006A  5013               	movf	main@CD4094DriveTimeCounter+3,w,c
   274  00006C  581B               	subwfb	_timeCounter+3,w,c
   275  00006E  6E0B               	movwf	(??_main+3)& (0+255),c
   276  000070  500B               	movf	??_main+3,w,c
   277  000072  100A               	iorwf	??_main+2,w,c
   278  000074  1009               	iorwf	??_main+1,w,c
   279  000076  E104               	bnz	u210
   280  000078  0E0B               	movlw	11
   281  00007A  5C08               	subwf	??_main,w,c
   282  00007C  A0D8               	btfss	status,0,c
   283  00007E  D00A               	goto	l1190
   284  000080                     u210:
   285                           
   286                           ;main.c: 85: CD4094DriveTimeCounter = timeCounter;
   287  000080  C018  F010         	movff	_timeCounter,main@CD4094DriveTimeCounter
   288  000084  C019  F011         	movff	_timeCounter+1,main@CD4094DriveTimeCounter+1
   289  000088  C01A  F012         	movff	_timeCounter+2,main@CD4094DriveTimeCounter+2
   290  00008C  C01B  F013         	movff	_timeCounter+3,main@CD4094DriveTimeCounter+3
   291                           
   292                           ;main.c: 86: CD4094Driver();
   293  000090  EC69  F000         	call	_CD4094Driver	;wreg free
   294  000094                     l1190:
   295                           
   296                           ;main.c: 87: };main.c: 88: if((timeCounter - CD4021DriveTimeCounter)>=9){
   297  000094  5014               	movf	main@CD4021DriveTimeCounter,w,c
   298  000096  5C18               	subwf	_timeCounter,w,c
   299  000098  6E08               	movwf	??_main& (0+255),c
   300  00009A  5015               	movf	main@CD4021DriveTimeCounter+1,w,c
   301  00009C  5819               	subwfb	_timeCounter+1,w,c
   302  00009E  6E09               	movwf	(??_main+1)& (0+255),c
   303  0000A0  5016               	movf	main@CD4021DriveTimeCounter+2,w,c
   304  0000A2  581A               	subwfb	_timeCounter+2,w,c
   305  0000A4  6E0A               	movwf	(??_main+2)& (0+255),c
   306  0000A6  5017               	movf	main@CD4021DriveTimeCounter+3,w,c
   307  0000A8  581B               	subwfb	_timeCounter+3,w,c
   308  0000AA  6E0B               	movwf	(??_main+3)& (0+255),c
   309  0000AC  500B               	movf	??_main+3,w,c
   310  0000AE  100A               	iorwf	??_main+2,w,c
   311  0000B0  1009               	iorwf	??_main+1,w,c
   312  0000B2  E104               	bnz	u220
   313  0000B4  0E09               	movlw	9
   314  0000B6  5C08               	subwf	??_main,w,c
   315  0000B8  A0D8               	btfss	status,0,c
   316  0000BA  D7CB               	goto	l1178
   317  0000BC                     u220:
   318                           
   319                           ;main.c: 89: CD4021DriveTimeCounter = timeCounter;
   320  0000BC  C018  F014         	movff	_timeCounter,main@CD4021DriveTimeCounter
   321  0000C0  C019  F015         	movff	_timeCounter+1,main@CD4021DriveTimeCounter+1
   322  0000C4  C01A  F016         	movff	_timeCounter+2,main@CD4021DriveTimeCounter+2
   323  0000C8  C01B  F017         	movff	_timeCounter+3,main@CD4021DriveTimeCounter+3
   324                           
   325                           ;main.c: 90: CD4021Driver();
   326  0000CC  ECA0  F000         	call	_CD4021Driver	;wreg free
   327  0000D0  D7C0               	goto	l1178
   328  0000D2                     __end_of_main:
   329                           	opt callstack 0
   330                           
   331 ;; *************** function _SYSTEM_Initialize *****************
   332 ;; Defined at:
   333 ;;		line 50 in file "mcc_generated_files/mcc.c"
   334 ;; Parameters:    Size  Location     Type
   335 ;;		None
   336 ;; Auto vars:     Size  Location     Type
   337 ;;		None
   338 ;; Return value:  Size  Location     Type
   339 ;;                  1    wreg      void 
   340 ;; Registers used:
   341 ;;		wreg, status,2, status,0, cstack
   342 ;; Tracked objects:
   343 ;;		On entry : 0/0
   344 ;;		On exit  : 3F/F
   345 ;;		Unchanged: 0/0
   346 ;; Data sizes:     COMRAM   BANK0   BANK1
   347 ;;      Params:         0       0       0
   348 ;;      Locals:         0       0       0
   349 ;;      Temps:          0       0       0
   350 ;;      Totals:         0       0       0
   351 ;;Total ram usage:        0 bytes
   352 ;; Hardware stack levels used:    1
   353 ;; Hardware stack levels required when called:    5
   354 ;; This function calls:
   355 ;;		_INTERRUPT_Initialize
   356 ;;		_OSCILLATOR_Initialize
   357 ;;		_PIN_MANAGER_Initialize
   358 ;;		_TMR0_Initialize
   359 ;; This function is called by:
   360 ;;		_main
   361 ;; This function uses a non-reentrant model
   362 ;;
   363                           
   364                           	psect	text1
   365  000238                     __ptext1:
   366                           	opt callstack 0
   367  000238                     _SYSTEM_Initialize:
   368                           	opt callstack 25
   369                           
   370                           ;mcc.c: 53: INTERRUPT_Initialize();
   371                           
   372                           ;incstack = 0
   373  000238  EC3C  F001         	call	_INTERRUPT_Initialize	;wreg free
   374                           
   375                           ;mcc.c: 54: PIN_MANAGER_Initialize();
   376  00023C  ECD6  F000         	call	_PIN_MANAGER_Initialize	;wreg free
   377                           
   378                           ; BSR set to: 15
   379                           ;mcc.c: 55: OSCILLATOR_Initialize();
   380  000240  EC25  F001         	call	_OSCILLATOR_Initialize	;wreg free
   381                           
   382                           ; BSR set to: 15
   383                           ;mcc.c: 56: TMR0_Initialize();
   384  000244  ECFE  F000         	call	_TMR0_Initialize	;wreg free
   385                           
   386                           ; BSR set to: 15
   387  000248  0012               	return		;funcret
   388  00024A                     __end_of_SYSTEM_Initialize:
   389                           	opt callstack 0
   390                           
   391 ;; *************** function _TMR0_Initialize *****************
   392 ;; Defined at:
   393 ;;		line 67 in file "mcc_generated_files/tmr0.c"
   394 ;; Parameters:    Size  Location     Type
   395 ;;		None
   396 ;; Auto vars:     Size  Location     Type
   397 ;;		None
   398 ;; Return value:  Size  Location     Type
   399 ;;                  1    wreg      void 
   400 ;; Registers used:
   401 ;;		wreg, status,2, status,0, cstack
   402 ;; Tracked objects:
   403 ;;		On entry : 3F/F
   404 ;;		On exit  : 3F/F
   405 ;;		Unchanged: 3E/0
   406 ;; Data sizes:     COMRAM   BANK0   BANK1
   407 ;;      Params:         0       0       0
   408 ;;      Locals:         0       0       0
   409 ;;      Temps:          0       0       0
   410 ;;      Totals:         0       0       0
   411 ;;Total ram usage:        0 bytes
   412 ;; Hardware stack levels used:    1
   413 ;; Hardware stack levels required when called:    4
   414 ;; This function calls:
   415 ;;		_TMR0_SetInterruptHandler
   416 ;; This function is called by:
   417 ;;		_SYSTEM_Initialize
   418 ;; This function uses a non-reentrant model
   419 ;;
   420                           
   421                           	psect	text2
   422  0001FC                     __ptext2:
   423                           	opt callstack 0
   424  0001FC                     _TMR0_Initialize:
   425                           	opt callstack 25
   426                           
   427                           ; BSR set to: 15
   428                           ;tmr0.c: 72: TMR0H = 0x00;
   429                           
   430                           ; BSR set to: 15
   431                           ;incstack = 0
   432  0001FC  0E00               	movlw	0
   433  0001FE  6ED7               	movwf	4055,c	;volatile
   434                           
   435                           ;tmr0.c: 75: TMR0L = 0xF8;
   436  000200  0EF8               	movlw	248
   437  000202  6ED6               	movwf	4054,c	;volatile
   438                           
   439                           ;tmr0.c: 79: timer0ReloadVal = 248;
   440  000204  0EF8               	movlw	248
   441  000206  6E23               	movwf	_timer0ReloadVal,c	;volatile
   442                           
   443                           ; BSR set to: 15
   444                           ;tmr0.c: 82: INTCONbits.TMR0IF = 0;
   445  000208  94F2               	bcf	4082,2,c	;volatile
   446                           
   447                           ; BSR set to: 15
   448                           ;tmr0.c: 85: INTCONbits.TMR0IE = 1;
   449  00020A  8AF2               	bsf	4082,5,c	;volatile
   450                           
   451                           ; BSR set to: 15
   452                           ;tmr0.c: 88: TMR0_SetInterruptHandler(TMR0_DefaultInterruptHandler);
   453  00020C  0E58               	movlw	low _TMR0_DefaultInterruptHandler
   454  00020E  6E03               	movwf	TMR0_SetInterruptHandler@InterruptHandler,c
   455  000210  0E02               	movlw	high _TMR0_DefaultInterruptHandler
   456  000212  6E04               	movwf	TMR0_SetInterruptHandler@InterruptHandler+1,c
   457  000214  EC33  F001         	call	_TMR0_SetInterruptHandler	;wreg free
   458                           
   459                           ; BSR set to: 15
   460                           ;tmr0.c: 91: T0CON = 0xD7;
   461  000218  0ED7               	movlw	215
   462  00021A  6ED5               	movwf	4053,c	;volatile
   463                           
   464                           ; BSR set to: 15
   465  00021C  0012               	return		;funcret
   466  00021E                     __end_of_TMR0_Initialize:
   467                           	opt callstack 0
   468                           
   469 ;; *************** function _TMR0_SetInterruptHandler *****************
   470 ;; Defined at:
   471 ;;		line 147 in file "mcc_generated_files/tmr0.c"
   472 ;; Parameters:    Size  Location     Type
   473 ;;  InterruptHan    2    2[COMRAM] PTR FTN()void 
   474 ;;		 -> TMR0_DefaultInterruptHandler(1), 
   475 ;; Auto vars:     Size  Location     Type
   476 ;;		None
   477 ;; Return value:  Size  Location     Type
   478 ;;                  1    wreg      void 
   479 ;; Registers used:
   480 ;;		wreg, status,2, status,0
   481 ;; Tracked objects:
   482 ;;		On entry : 3F/F
   483 ;;		On exit  : 3F/F
   484 ;;		Unchanged: 3E/0
   485 ;; Data sizes:     COMRAM   BANK0   BANK1
   486 ;;      Params:         2       0       0
   487 ;;      Locals:         0       0       0
   488 ;;      Temps:          0       0       0
   489 ;;      Totals:         2       0       0
   490 ;;Total ram usage:        2 bytes
   491 ;; Hardware stack levels used:    1
   492 ;; Hardware stack levels required when called:    3
   493 ;; This function calls:
   494 ;;		Nothing
   495 ;; This function is called by:
   496 ;;		_TMR0_Initialize
   497 ;; This function uses a non-reentrant model
   498 ;;
   499                           
   500                           	psect	text3
   501  000266                     __ptext3:
   502                           	opt callstack 0
   503  000266                     _TMR0_SetInterruptHandler:
   504                           	opt callstack 25
   505                           
   506                           ; BSR set to: 15
   507                           ;tmr0.c: 148: TMR0_InterruptHandler = InterruptHandler;
   508                           
   509                           ; BSR set to: 15
   510                           ;incstack = 0
   511  000266  C003  F021         	movff	TMR0_SetInterruptHandler@InterruptHandler,_TMR0_InterruptHandler
   512  00026A  C004  F022         	movff	TMR0_SetInterruptHandler@InterruptHandler+1,_TMR0_InterruptHandler+1
   513                           
   514                           ; BSR set to: 15
   515  00026E  0012               	return		;funcret
   516  000270                     __end_of_TMR0_SetInterruptHandler:
   517                           	opt callstack 0
   518                           
   519 ;; *************** function _PIN_MANAGER_Initialize *****************
   520 ;; Defined at:
   521 ;;		line 55 in file "mcc_generated_files/pin_manager.c"
   522 ;; Parameters:    Size  Location     Type
   523 ;;		None
   524 ;; Auto vars:     Size  Location     Type
   525 ;;		None
   526 ;; Return value:  Size  Location     Type
   527 ;;                  1    wreg      void 
   528 ;; Registers used:
   529 ;;		wreg, status,2
   530 ;; Tracked objects:
   531 ;;		On entry : 0/0
   532 ;;		On exit  : 3F/F
   533 ;;		Unchanged: 0/0
   534 ;; Data sizes:     COMRAM   BANK0   BANK1
   535 ;;      Params:         0       0       0
   536 ;;      Locals:         0       0       0
   537 ;;      Temps:          0       0       0
   538 ;;      Totals:         0       0       0
   539 ;;Total ram usage:        0 bytes
   540 ;; Hardware stack levels used:    1
   541 ;; Hardware stack levels required when called:    3
   542 ;; This function calls:
   543 ;;		Nothing
   544 ;; This function is called by:
   545 ;;		_SYSTEM_Initialize
   546 ;; This function uses a non-reentrant model
   547 ;;
   548                           
   549                           	psect	text4
   550  0001AC                     __ptext4:
   551                           	opt callstack 0
   552  0001AC                     _PIN_MANAGER_Initialize:
   553                           	opt callstack 26
   554                           
   555                           ;pin_manager.c: 60: LATA = 0x00;
   556                           
   557                           ; BSR set to: 15
   558                           ;incstack = 0
   559  0001AC  0E00               	movlw	0
   560  0001AE  6E89               	movwf	3977,c	;volatile
   561                           
   562                           ;pin_manager.c: 61: LATB = 0x00;
   563  0001B0  0E00               	movlw	0
   564  0001B2  6E8A               	movwf	3978,c	;volatile
   565                           
   566                           ;pin_manager.c: 62: LATC = 0x00;
   567  0001B4  0E00               	movlw	0
   568  0001B6  6E8B               	movwf	3979,c	;volatile
   569                           
   570                           ;pin_manager.c: 67: TRISA = 0xD0;
   571  0001B8  0ED0               	movlw	208
   572  0001BA  6E92               	movwf	3986,c	;volatile
   573                           
   574                           ;pin_manager.c: 68: TRISB = 0xFF;
   575  0001BC  6893               	setf	3987,c	;volatile
   576                           
   577                           ;pin_manager.c: 69: TRISC = 0xFF;
   578  0001BE  6894               	setf	3988,c	;volatile
   579                           
   580                           ;pin_manager.c: 74: ANSELC = 0xFC;
   581  0001C0  0EFC               	movlw	252
   582  0001C2  010F               	movlb	15	; () banked
   583  0001C4  6F3A               	movwf	58,b	;volatile
   584                           
   585                           ;pin_manager.c: 75: ANSELB = 0x3F;
   586  0001C6  0E3F               	movlw	63
   587  0001C8  6F39               	movwf	57,b	;volatile
   588                           
   589                           ;pin_manager.c: 76: ANSELA = 0x00;
   590  0001CA  0E00               	movlw	0
   591  0001CC  6F38               	movwf	56,b	;volatile
   592                           
   593                           ;pin_manager.c: 81: WPUB = 0x00;
   594  0001CE  0E00               	movlw	0
   595  0001D0  6E61               	movwf	3937,c	;volatile
   596                           
   597                           ; BSR set to: 15
   598                           ;pin_manager.c: 82: INTCON2bits.nRBPU = 1;
   599  0001D2  8EF1               	bsf	4081,7,c	;volatile
   600                           
   601                           ; BSR set to: 15
   602  0001D4  0012               	return		;funcret
   603  0001D6                     __end_of_PIN_MANAGER_Initialize:
   604                           	opt callstack 0
   605                           
   606 ;; *************** function _OSCILLATOR_Initialize *****************
   607 ;; Defined at:
   608 ;;		line 59 in file "mcc_generated_files/mcc.c"
   609 ;; Parameters:    Size  Location     Type
   610 ;;		None
   611 ;; Auto vars:     Size  Location     Type
   612 ;;		None
   613 ;; Return value:  Size  Location     Type
   614 ;;                  1    wreg      void 
   615 ;; Registers used:
   616 ;;		wreg, status,2
   617 ;; Tracked objects:
   618 ;;		On entry : 3F/F
   619 ;;		On exit  : 3F/F
   620 ;;		Unchanged: 3E/0
   621 ;; Data sizes:     COMRAM   BANK0   BANK1
   622 ;;      Params:         0       0       0
   623 ;;      Locals:         0       0       0
   624 ;;      Temps:          0       0       0
   625 ;;      Totals:         0       0       0
   626 ;;Total ram usage:        0 bytes
   627 ;; Hardware stack levels used:    1
   628 ;; Hardware stack levels required when called:    3
   629 ;; This function calls:
   630 ;;		Nothing
   631 ;; This function is called by:
   632 ;;		_SYSTEM_Initialize
   633 ;; This function uses a non-reentrant model
   634 ;;
   635                           
   636                           	psect	text5
   637  00024A                     __ptext5:
   638                           	opt callstack 0
   639  00024A                     _OSCILLATOR_Initialize:
   640                           	opt callstack 26
   641                           
   642                           ; BSR set to: 15
   643                           ;mcc.c: 62: OSCCON = 0x60;
   644                           
   645                           ; BSR set to: 15
   646                           ;incstack = 0
   647  00024A  0E60               	movlw	96
   648  00024C  6ED3               	movwf	4051,c	;volatile
   649                           
   650                           ;mcc.c: 64: OSCCON2 = 0x04;
   651  00024E  0E04               	movlw	4
   652  000250  6ED2               	movwf	4050,c	;volatile
   653                           
   654                           ;mcc.c: 66: OSCTUNE = 0x00;
   655  000252  0E00               	movlw	0
   656  000254  6E9B               	movwf	3995,c	;volatile
   657                           
   658                           ; BSR set to: 15
   659  000256  0012               	return		;funcret
   660  000258                     __end_of_OSCILLATOR_Initialize:
   661                           	opt callstack 0
   662                           
   663 ;; *************** function _INTERRUPT_Initialize *****************
   664 ;; Defined at:
   665 ;;		line 52 in file "mcc_generated_files/interrupt_manager.c"
   666 ;; Parameters:    Size  Location     Type
   667 ;;		None
   668 ;; Auto vars:     Size  Location     Type
   669 ;;		None
   670 ;; Return value:  Size  Location     Type
   671 ;;                  1    wreg      void 
   672 ;; Registers used:
   673 ;;		None
   674 ;; Tracked objects:
   675 ;;		On entry : 0/0
   676 ;;		On exit  : 0/0
   677 ;;		Unchanged: 0/0
   678 ;; Data sizes:     COMRAM   BANK0   BANK1
   679 ;;      Params:         0       0       0
   680 ;;      Locals:         0       0       0
   681 ;;      Temps:          0       0       0
   682 ;;      Totals:         0       0       0
   683 ;;Total ram usage:        0 bytes
   684 ;; Hardware stack levels used:    1
   685 ;; Hardware stack levels required when called:    3
   686 ;; This function calls:
   687 ;;		Nothing
   688 ;; This function is called by:
   689 ;;		_SYSTEM_Initialize
   690 ;; This function uses a non-reentrant model
   691 ;;
   692                           
   693                           	psect	text6
   694  000278                     __ptext6:
   695                           	opt callstack 0
   696  000278                     _INTERRUPT_Initialize:
   697                           	opt callstack 26
   698                           
   699                           ;interrupt_manager.c: 55: RCONbits.IPEN = 0;
   700                           
   701                           ; BSR set to: 15
   702                           ;incstack = 0
   703  000278  9ED0               	bcf	4048,7,c	;volatile
   704  00027A  0012               	return		;funcret
   705  00027C                     __end_of_INTERRUPT_Initialize:
   706                           	opt callstack 0
   707                           
   708 ;; *************** function _CD4094WriteH *****************
   709 ;; Defined at:
   710 ;;		line 51 in file "mcc_generated_files/CD4094.c"
   711 ;; Parameters:    Size  Location     Type
   712 ;;  BufferH         1    wreg     unsigned char 
   713 ;; Auto vars:     Size  Location     Type
   714 ;;  BufferH         1    2[COMRAM] unsigned char 
   715 ;; Return value:  Size  Location     Type
   716 ;;                  1    wreg      void 
   717 ;; Registers used:
   718 ;;		wreg
   719 ;; Tracked objects:
   720 ;;		On entry : 0/F
   721 ;;		On exit  : 0/0
   722 ;;		Unchanged: 0/0
   723 ;; Data sizes:     COMRAM   BANK0   BANK1
   724 ;;      Params:         0       0       0
   725 ;;      Locals:         1       0       0
   726 ;;      Temps:          0       0       0
   727 ;;      Totals:         1       0       0
   728 ;;Total ram usage:        1 bytes
   729 ;; Hardware stack levels used:    1
   730 ;; Hardware stack levels required when called:    3
   731 ;; This function calls:
   732 ;;		Nothing
   733 ;; This function is called by:
   734 ;;		_main
   735 ;; This function uses a non-reentrant model
   736 ;;
   737                           
   738                           	psect	text7
   739  000270                     __ptext7:
   740                           	opt callstack 0
   741  000270                     _CD4094WriteH:
   742                           	opt callstack 27
   743                           
   744                           ;incstack = 0
   745                           ;CD4094WriteH@BufferH stored from wreg
   746  000270  6E03               	movwf	CD4094WriteH@BufferH,c
   747                           
   748                           ;CD4094.c: 52: CD4094Buffer.BufferH = BufferH;
   749  000272  C003  F01E         	movff	CD4094WriteH@BufferH,_CD4094Buffer
   750  000276  0012               	return		;funcret
   751  000278                     __end_of_CD4094WriteH:
   752                           	opt callstack 0
   753                           
   754 ;; *************** function _CD4094Driver *****************
   755 ;; Defined at:
   756 ;;		line 21 in file "mcc_generated_files/CD4094.c"
   757 ;; Parameters:    Size  Location     Type
   758 ;;		None
   759 ;; Auto vars:     Size  Location     Type
   760 ;;  i               2    3[COMRAM] int 
   761 ;; Return value:  Size  Location     Type
   762 ;;                  1    wreg      void 
   763 ;; Registers used:
   764 ;;		wreg, status,2, status,0
   765 ;; Tracked objects:
   766 ;;		On entry : 0/F
   767 ;;		On exit  : 0/0
   768 ;;		Unchanged: 0/0
   769 ;; Data sizes:     COMRAM   BANK0   BANK1
   770 ;;      Params:         0       0       0
   771 ;;      Locals:         2       0       0
   772 ;;      Temps:          1       0       0
   773 ;;      Totals:         3       0       0
   774 ;;Total ram usage:        3 bytes
   775 ;; Hardware stack levels used:    1
   776 ;; Hardware stack levels required when called:    3
   777 ;; This function calls:
   778 ;;		Nothing
   779 ;; This function is called by:
   780 ;;		_main
   781 ;; This function uses a non-reentrant model
   782 ;;
   783                           
   784                           	psect	text8
   785  0000D2                     __ptext8:
   786                           	opt callstack 0
   787  0000D2                     _CD4094Driver:
   788                           	opt callstack 27
   789                           
   790                           ;CD4094.c: 22: temp = CD4094Buffer.Buffer;
   791                           
   792                           ;incstack = 0
   793  0000D2  C01E  F01C         	movff	_CD4094Buffer,_temp
   794  0000D6  C01F  F01D         	movff	_CD4094Buffer+1,_temp+1
   795                           
   796                           ;CD4094.c: 23: LATAbits.LATA1 = LATAbits.LATA0 = LATAbits.LATA2 = 0;
   797  0000DA  9489               	bcf	3977,2,c	;volatile
   798  0000DC  9089               	bcf	3977,0,c	;volatile
   799  0000DE  9289               	bcf	3977,1,c	;volatile
   800                           
   801                           ;CD4094.c: 24: __nop();
   802  0000E0  F000               	nop	
   803                           
   804                           ;CD4094.c: 25: __nop();
   805  0000E2  F000               	nop	
   806                           
   807                           ;CD4094.c: 26: for(int i=0;i<16;i++){
   808  0000E4  0E00               	movlw	0
   809  0000E6  6E05               	movwf	CD4094Driver@i+1,c
   810  0000E8  0E00               	movlw	0
   811  0000EA  6E04               	movwf	CD4094Driver@i,c
   812  0000EC                     l1138:
   813                           
   814                           ;CD4094.c: 27: LATAbits.LATA1 = (temp&0x0001);
   815  0000EC  C01C  F003         	movff	_temp,??_CD4094Driver
   816  0000F0  0E01               	movlw	1
   817  0000F2  1603               	andwf	??_CD4094Driver,f,c
   818  0000F4  4603               	rlncf	??_CD4094Driver,f,c
   819  0000F6  5089               	movf	3977,w,c	;volatile
   820  0000F8  1803               	xorwf	??_CD4094Driver,w,c
   821  0000FA  0BFD               	andlw	-3
   822  0000FC  1803               	xorwf	??_CD4094Driver,w,c
   823  0000FE  6E89               	movwf	3977,c	;volatile
   824                           
   825                           ;CD4094.c: 28: __nop();
   826  000100  F000               	nop	
   827                           
   828                           ;CD4094.c: 29: __nop();
   829  000102  F000               	nop	
   830                           
   831                           ;CD4094.c: 30: LATAbits.LATA2 = 1;
   832  000104  8489               	bsf	3977,2,c	;volatile
   833                           
   834                           ;CD4094.c: 31: __nop();
   835  000106  F000               	nop	
   836                           
   837                           ;CD4094.c: 32: __nop();
   838  000108  F000               	nop	
   839                           
   840                           ;CD4094.c: 33: LATAbits.LATA2 = 0;
   841  00010A  9489               	bcf	3977,2,c	;volatile
   842                           
   843                           ;CD4094.c: 34: if(i==15){
   844  00010C  0E0F               	movlw	15
   845  00010E  1804               	xorwf	CD4094Driver@i,w,c
   846  000110  1005               	iorwf	CD4094Driver@i+1,w,c
   847  000112  A4D8               	btfss	status,2,c
   848  000114  D004               	goto	l1154
   849                           
   850                           ;CD4094.c: 35: LATAbits.LATA0 = 1;
   851  000116  8089               	bsf	3977,0,c	;volatile
   852                           
   853                           ;CD4094.c: 36: __nop();
   854  000118  F000               	nop	
   855                           
   856                           ;CD4094.c: 37: __nop();
   857  00011A  F000               	nop	
   858                           
   859                           ;CD4094.c: 38: LATAbits.LATA0 = 0;
   860  00011C  9089               	bcf	3977,0,c	;volatile
   861  00011E                     l1154:
   862                           
   863                           ;CD4094.c: 39: };CD4094.c: 40: temp>>=1;
   864  00011E  90D8               	bcf	status,0,c
   865  000120  321D               	rrcf	_temp+1,f,c
   866  000122  321C               	rrcf	_temp,f,c
   867                           
   868                           ;CD4094.c: 41: __nop();
   869  000124  F000               	nop	
   870                           
   871                           ;CD4094.c: 42: __nop();
   872  000126  F000               	nop	
   873  000128  4A04               	infsnz	CD4094Driver@i,f,c
   874  00012A  2A05               	incf	CD4094Driver@i+1,f,c
   875  00012C  BE05               	btfsc	CD4094Driver@i+1,7,c
   876  00012E  D7DE               	goto	l1138
   877  000130  5005               	movf	CD4094Driver@i+1,w,c
   878  000132  E105               	bnz	u180
   879  000134  0E10               	movlw	16
   880  000136  5C04               	subwf	CD4094Driver@i,w,c
   881  000138  B0D8               	btfsc	status,0,c
   882  00013A  0012               	return	
   883  00013C  D7D7               	goto	l1138
   884  00013E                     u180:
   885  00013E  0012               	return		;funcret
   886  000140                     __end_of_CD4094Driver:
   887                           	opt callstack 0
   888                           
   889 ;; *************** function _CD4021Driver *****************
   890 ;; Defined at:
   891 ;;		line 13 in file "mcc_generated_files/CD4021.c"
   892 ;; Parameters:    Size  Location     Type
   893 ;;		None
   894 ;; Auto vars:     Size  Location     Type
   895 ;;  i               2    5[COMRAM] int 
   896 ;;  temp            2    3[COMRAM] int 
   897 ;; Return value:  Size  Location     Type
   898 ;;                  1    wreg      void 
   899 ;; Registers used:
   900 ;;		wreg, status,2, status,0
   901 ;; Tracked objects:
   902 ;;		On entry : 0/F
   903 ;;		On exit  : 0/0
   904 ;;		Unchanged: 0/0
   905 ;; Data sizes:     COMRAM   BANK0   BANK1
   906 ;;      Params:         0       0       0
   907 ;;      Locals:         4       0       0
   908 ;;      Temps:          1       0       0
   909 ;;      Totals:         5       0       0
   910 ;;Total ram usage:        5 bytes
   911 ;; Hardware stack levels used:    1
   912 ;; Hardware stack levels required when called:    3
   913 ;; This function calls:
   914 ;;		Nothing
   915 ;; This function is called by:
   916 ;;		_main
   917 ;; This function uses a non-reentrant model
   918 ;;
   919                           
   920                           	psect	text9
   921  000140                     __ptext9:
   922                           	opt callstack 0
   923  000140                     _CD4021Driver:
   924                           	opt callstack 27
   925                           
   926                           ;CD4021.c: 15: int temp = 0;
   927                           
   928                           ;incstack = 0
   929  000140  0E00               	movlw	0
   930  000142  6E05               	movwf	CD4021Driver@temp+1,c
   931  000144  0E00               	movlw	0
   932  000146  6E04               	movwf	CD4021Driver@temp,c
   933                           
   934                           ;CD4021.c: 16: LATAbits.LATA5 = 0;
   935  000148  9A89               	bcf	3977,5,c	;volatile
   936                           
   937                           ;CD4021.c: 17: LATAbits.LATA3 = 0;
   938  00014A  9689               	bcf	3977,3,c	;volatile
   939                           
   940                           ;CD4021.c: 18: __nop();
   941  00014C  F000               	nop	
   942                           
   943                           ;CD4021.c: 19: __nop();
   944  00014E  F000               	nop	
   945                           
   946                           ;CD4021.c: 20: LATAbits.LATA3 = 1;
   947  000150  8689               	bsf	3977,3,c	;volatile
   948                           
   949                           ;CD4021.c: 21: __nop();
   950  000152  F000               	nop	
   951                           
   952                           ;CD4021.c: 22: __nop();
   953  000154  F000               	nop	
   954                           
   955                           ;CD4021.c: 23: LATAbits.LATA3 = 0;
   956  000156  9689               	bcf	3977,3,c	;volatile
   957                           
   958                           ;CD4021.c: 24: for(int i=0;i<8;i++){
   959  000158  0E00               	movlw	0
   960  00015A  6E07               	movwf	CD4021Driver@i+1,c
   961  00015C  0E00               	movlw	0
   962  00015E  6E06               	movwf	CD4021Driver@i,c
   963  000160                     l125:
   964                           
   965                           ;CD4021.c: 25: __nop();
   966  000160  F000               	nop	
   967                           
   968                           ;CD4021.c: 26: __nop();
   969  000162  F000               	nop	
   970                           
   971                           ;CD4021.c: 27: LATAbits.LATA5 = 1;
   972  000164  8A89               	bsf	3977,5,c	;volatile
   973                           
   974                           ;CD4021.c: 28: __nop();
   975  000166  F000               	nop	
   976                           
   977                           ;CD4021.c: 29: __nop();
   978  000168  F000               	nop	
   979                           
   980                           ;CD4021.c: 30: temp |=(PORTAbits.RA4)?1:0;
   981  00016A  A880               	btfss	3968,4,c	;volatile
   982  00016C  D003               	goto	u140
   983  00016E  6A03               	clrf	??_CD4021Driver& (0+255),c
   984  000170  2A03               	incf	??_CD4021Driver& (0+255),f,c
   985  000172  D001               	goto	u148
   986  000174                     u140:
   987  000174  6A03               	clrf	??_CD4021Driver& (0+255),c
   988  000176                     u148:
   989  000176  5003               	movf	??_CD4021Driver,w,c
   990  000178  1204               	iorwf	CD4021Driver@temp,f,c
   991                           
   992                           ;CD4021.c: 31: LATAbits.LATA5 = 0;
   993  00017A  9A89               	bcf	3977,5,c	;volatile
   994                           
   995                           ;CD4021.c: 32: if(i<7)
   996  00017C  BE07               	btfsc	CD4021Driver@i+1,7,c
   997  00017E  D006               	goto	u150
   998  000180  5007               	movf	CD4021Driver@i+1,w,c
   999  000182  E107               	bnz	l127
  1000  000184  0E07               	movlw	7
  1001  000186  5C06               	subwf	CD4021Driver@i,w,c
  1002  000188  B0D8               	btfsc	status,0,c
  1003  00018A  D003               	goto	l127
  1004  00018C                     u150:
  1005                           
  1006                           ;CD4021.c: 33: temp<<=1;
  1007  00018C  90D8               	bcf	status,0,c
  1008  00018E  3604               	rlcf	CD4021Driver@temp,f,c
  1009  000190  3605               	rlcf	CD4021Driver@temp+1,f,c
  1010  000192                     l127:
  1011  000192  4A06               	infsnz	CD4021Driver@i,f,c
  1012  000194  2A07               	incf	CD4021Driver@i+1,f,c
  1013  000196  BE07               	btfsc	CD4021Driver@i+1,7,c
  1014  000198  D7E3               	goto	l125
  1015  00019A  5007               	movf	CD4021Driver@i+1,w,c
  1016  00019C  E104               	bnz	u160
  1017  00019E  0E08               	movlw	8
  1018  0001A0  5C06               	subwf	CD4021Driver@i,w,c
  1019  0001A2  A0D8               	btfss	status,0,c
  1020  0001A4  D7DD               	goto	l125
  1021  0001A6                     u160:
  1022                           
  1023                           ;CD4021.c: 34: };CD4021.c: 35: CD4021Buffer = temp;
  1024  0001A6  C004  F020         	movff	CD4021Driver@temp,_CD4021Buffer
  1025                           
  1026                           ;CD4021.c: 36: return;
  1027  0001AA  0012               	return		;funcret
  1028  0001AC                     __end_of_CD4021Driver:
  1029                           	opt callstack 0
  1030                           
  1031 ;; *************** function _INTERRUPT_InterruptManager *****************
  1032 ;; Defined at:
  1033 ;;		line 58 in file "mcc_generated_files/interrupt_manager.c"
  1034 ;; Parameters:    Size  Location     Type
  1035 ;;		None
  1036 ;; Auto vars:     Size  Location     Type
  1037 ;;		None
  1038 ;; Return value:  Size  Location     Type
  1039 ;;                  1    wreg      void 
  1040 ;; Registers used:
  1041 ;;		wreg, status,2, status,0, pclath, tosl, cstack
  1042 ;; Tracked objects:
  1043 ;;		On entry : 0/0
  1044 ;;		On exit  : 0/0
  1045 ;;		Unchanged: 0/0
  1046 ;; Data sizes:     COMRAM   BANK0   BANK1
  1047 ;;      Params:         0       0       0
  1048 ;;      Locals:         0       0       0
  1049 ;;      Temps:          2       0       0
  1050 ;;      Totals:         2       0       0
  1051 ;;Total ram usage:        2 bytes
  1052 ;; Hardware stack levels used:    1
  1053 ;; Hardware stack levels required when called:    2
  1054 ;; This function calls:
  1055 ;;		_TMR0_ISR
  1056 ;; This function is called by:
  1057 ;;		Interrupt level 2
  1058 ;; This function uses a non-reentrant model
  1059 ;;
  1060                           
  1061                           	psect	intcode
  1062  000008                     __pintcode:
  1063                           	opt callstack 0
  1064  000008                     _INTERRUPT_InterruptManager:
  1065                           	opt callstack 25
  1066                           
  1067                           ;incstack = 0
  1068  000008  8224               	bsf	btemp,1,c	;set compiler interrupt flag (level 2)
  1069  00000A  CFFA F001          	movff	pclath,??_INTERRUPT_InterruptManager
  1070  00000E  CFFB F002          	movff	pclatu,??_INTERRUPT_InterruptManager+1
  1071                           
  1072                           ;interrupt_manager.c: 61: if(INTCONbits.TMR0IE == 1 && INTCONbits.TMR0IF == 1)
  1073  000012  BAF2               	btfsc	4082,5,c	;volatile
  1074  000014  A4F2               	btfss	4082,2,c	;volatile
  1075  000016  D002               	goto	i2l64
  1076                           
  1077                           ;interrupt_manager.c: 62: {;interrupt_manager.c: 63: TMR0_ISR();
  1078  000018  ECEB  F000         	call	_TMR0_ISR	;wreg free
  1079  00001C                     i2l64:
  1080  00001C  C002  FFFB         	movff	??_INTERRUPT_InterruptManager+1,pclatu
  1081  000020  C001  FFFA         	movff	??_INTERRUPT_InterruptManager,pclath
  1082  000024  9224               	bcf	btemp,1,c	;clear compiler interrupt flag (level 2)
  1083  000026  0011               	retfie		f
  1084  000028                     __end_of_INTERRUPT_InterruptManager:
  1085                           	opt callstack 0
  1086                           
  1087 ;; *************** function _TMR0_ISR *****************
  1088 ;; Defined at:
  1089 ;;		line 129 in file "mcc_generated_files/tmr0.c"
  1090 ;; Parameters:    Size  Location     Type
  1091 ;;		None
  1092 ;; Auto vars:     Size  Location     Type
  1093 ;;		None
  1094 ;; Return value:  Size  Location     Type
  1095 ;;                  1    wreg      void 
  1096 ;; Registers used:
  1097 ;;		wreg, status,2, status,0, pclath, tosl, cstack
  1098 ;; Tracked objects:
  1099 ;;		On entry : 0/0
  1100 ;;		On exit  : 0/0
  1101 ;;		Unchanged: 0/0
  1102 ;; Data sizes:     COMRAM   BANK0   BANK1
  1103 ;;      Params:         0       0       0
  1104 ;;      Locals:         0       0       0
  1105 ;;      Temps:          0       0       0
  1106 ;;      Totals:         0       0       0
  1107 ;;Total ram usage:        0 bytes
  1108 ;; Hardware stack levels used:    1
  1109 ;; Hardware stack levels required when called:    1
  1110 ;; This function calls:
  1111 ;;		Absolute function
  1112 ;;		_TMR0_DefaultInterruptHandler
  1113 ;; This function is called by:
  1114 ;;		_INTERRUPT_InterruptManager
  1115 ;; This function uses a non-reentrant model
  1116 ;;
  1117                           
  1118                           	psect	text11
  1119  0001D6                     __ptext11:
  1120                           	opt callstack 0
  1121  0001D6                     _TMR0_ISR:
  1122                           	opt callstack 25
  1123                           
  1124                           ;tmr0.c: 133: INTCONbits.TMR0IF = 0;
  1125                           
  1126                           ;incstack = 0
  1127  0001D6  94F2               	bcf	4082,2,c	;volatile
  1128                           
  1129                           ;tmr0.c: 136: TMR0L = timer0ReloadVal;
  1130  0001D8  C023  FFD6         	movff	_timer0ReloadVal,4054	;volatile
  1131                           
  1132                           ;tmr0.c: 138: if(TMR0_InterruptHandler)
  1133  0001DC  5021               	movf	_TMR0_InterruptHandler,w,c
  1134  0001DE  1022               	iorwf	_TMR0_InterruptHandler+1,w,c
  1135  0001E0  B4D8               	btfsc	status,2,c
  1136  0001E2  0012               	return	
  1137                           
  1138                           ;tmr0.c: 139: {;tmr0.c: 140: TMR0_InterruptHandler();
  1139  0001E4  D801               	call	i2u13_48
  1140  0001E6  0012               	return	
  1141  0001E8                     i2u13_48:
  1142  0001E8  0005               	push	
  1143  0001EA  6EFA               	movwf	pclath,c
  1144  0001EC  5021               	movf	_TMR0_InterruptHandler,w,c
  1145  0001EE  6EFD               	movwf	tosl,c
  1146  0001F0  5022               	movf	_TMR0_InterruptHandler+1,w,c
  1147  0001F2  6EFE               	movwf	tosh,c
  1148  0001F4  50F8               	movf	tblptru,w,c
  1149  0001F6  6EFF               	movwf	tosu,c
  1150  0001F8  50FA               	movf	pclath,w,c
  1151  0001FA  0012               	return		;indir
  1152  0001FC                     __end_of_TMR0_ISR:
  1153                           	opt callstack 0
  1154                           
  1155 ;; *************** function _TMR0_DefaultInterruptHandler *****************
  1156 ;; Defined at:
  1157 ;;		line 151 in file "mcc_generated_files/tmr0.c"
  1158 ;; Parameters:    Size  Location     Type
  1159 ;;		None
  1160 ;; Auto vars:     Size  Location     Type
  1161 ;;		None
  1162 ;; Return value:  Size  Location     Type
  1163 ;;                  1    wreg      void 
  1164 ;; Registers used:
  1165 ;;		wreg, status,2, status,0
  1166 ;; Tracked objects:
  1167 ;;		On entry : 0/0
  1168 ;;		On exit  : 0/0
  1169 ;;		Unchanged: 0/0
  1170 ;; Data sizes:     COMRAM   BANK0   BANK1
  1171 ;;      Params:         0       0       0
  1172 ;;      Locals:         0       0       0
  1173 ;;      Temps:          0       0       0
  1174 ;;      Totals:         0       0       0
  1175 ;;Total ram usage:        0 bytes
  1176 ;; Hardware stack levels used:    1
  1177 ;; This function calls:
  1178 ;;		Nothing
  1179 ;; This function is called by:
  1180 ;;		_TMR0_Initialize
  1181 ;;		_TMR0_ISR
  1182 ;; This function uses a non-reentrant model
  1183 ;;
  1184                           
  1185                           	psect	text12
  1186  000258                     __ptext12:
  1187                           	opt callstack 0
  1188  000258                     _TMR0_DefaultInterruptHandler:
  1189                           	opt callstack 25
  1190                           
  1191                           ;tmr0.c: 152: timeCounter++;
  1192                           
  1193                           ;incstack = 0
  1194  000258  0E01               	movlw	1
  1195  00025A  2618               	addwf	_timeCounter,f,c
  1196  00025C  0E00               	movlw	0
  1197  00025E  2219               	addwfc	_timeCounter+1,f,c
  1198  000260  221A               	addwfc	_timeCounter+2,f,c
  1199  000262  221B               	addwfc	_timeCounter+3,f,c
  1200  000264  0012               	return		;funcret
  1201  000266                     __end_of_TMR0_DefaultInterruptHandler:
  1202                           	opt callstack 0
  1203  0000                     
  1204                           	psect	text13
  1205  000000                     __ptext13:
  1206                           	opt callstack 0
  1207                           
  1208                           	psect	rparam
  1209  0000                     
  1210                           	psect	temp
  1211  000024                     btemp:
  1212                           	opt callstack 0
  1213  000024                     	ds	1
  1214  0000                     int$flags	set	btemp
  1215  0000                     wtemp8	set	btemp+1
  1216  0000                     ttemp5	set	btemp+1
  1217  0000                     ttemp6	set	btemp+4
  1218  0000                     ttemp7	set	btemp+8
  1219                           tosu	equ	0xFFF
  1220                           tosh	equ	0xFFE
  1221                           tosl	equ	0xFFD
  1222                           stkptr	equ	0xFFC
  1223                           pclatu	equ	0xFFB
  1224                           pclath	equ	0xFFA
  1225                           pcl	equ	0xFF9
  1226                           tblptru	equ	0xFF8
  1227                           tblptrh	equ	0xFF7
  1228                           tblptrl	equ	0xFF6
  1229                           tablat	equ	0xFF5
  1230                           prodh	equ	0xFF4
  1231                           prodl	equ	0xFF3
  1232                           indf0	equ	0xFEF
  1233                           postinc0	equ	0xFEE
  1234                           postdec0	equ	0xFED
  1235                           preinc0	equ	0xFEC
  1236                           plusw0	equ	0xFEB
  1237                           fsr0h	equ	0xFEA
  1238                           fsr0l	equ	0xFE9
  1239                           wreg	equ	0xFE8
  1240                           indf1	equ	0xFE7
  1241                           postinc1	equ	0xFE6
  1242                           postdec1	equ	0xFE5
  1243                           preinc1	equ	0xFE4
  1244                           plusw1	equ	0xFE3
  1245                           fsr1h	equ	0xFE2
  1246                           fsr1l	equ	0xFE1
  1247                           bsr	equ	0xFE0
  1248                           indf2	equ	0xFDF
  1249                           postinc2	equ	0xFDE
  1250                           postdec2	equ	0xFDD
  1251                           preinc2	equ	0xFDC
  1252                           plusw2	equ	0xFDB
  1253                           fsr2h	equ	0xFDA
  1254                           fsr2l	equ	0xFD9
  1255                           status	equ	0xFD8


Data Sizes:
    Strings     0
    Constant    0
    Data        0
    BSS         9
    Persistent  3
    Stack       0

Auto Spaces:
    Space          Size  Autos    Used
    COMRAM           94     24      36
    BANK0           160      0       0
    BANK1           256      0       0

Pointer List with Targets:

    TMR0_SetInterruptHandler@InterruptHandler	PTR FTN()void  size(2) Largest target is 1
		 -> TMR0_DefaultInterruptHandler(), 

    TMR0_InterruptHandler	PTR FTN()void  size(2) Largest target is 1
		 -> Absolute function(), TMR0_DefaultInterruptHandler(), 


Critical Paths under _main in COMRAM

    _main->_CD4021Driver
    _TMR0_Initialize->_TMR0_SetInterruptHandler

Critical Paths under _INTERRUPT_InterruptManager in COMRAM

    None.

Critical Paths under _main in BANK0

    None.

Critical Paths under _INTERRUPT_InterruptManager in BANK0

    None.

Critical Paths under _main in BANK1

    None.

Critical Paths under _INTERRUPT_InterruptManager in BANK1

    None.

Call Graph Tables:

 ---------------------------------------------------------------------------------
 (Depth) Function   	        Calls       Base Space   Used Autos Params    Refs
 ---------------------------------------------------------------------------------
 (0) _main                                                17    17      0     353
                                              7 COMRAM    17    17      0
                       _CD4021Driver
                       _CD4094Driver
                       _CD4094WriteH
                  _SYSTEM_Initialize
 ---------------------------------------------------------------------------------
 (1) _SYSTEM_Initialize                                    0     0      0      98
               _INTERRUPT_Initialize
              _OSCILLATOR_Initialize
             _PIN_MANAGER_Initialize
                    _TMR0_Initialize
 ---------------------------------------------------------------------------------
 (2) _TMR0_Initialize                                      0     0      0      98
           _TMR0_SetInterruptHandler
 ---------------------------------------------------------------------------------
 (3) _TMR0_SetInterruptHandler                             2     0      2      98
                                              2 COMRAM     2     0      2
 ---------------------------------------------------------------------------------
 (2) _PIN_MANAGER_Initialize                               0     0      0       0
 ---------------------------------------------------------------------------------
 (2) _OSCILLATOR_Initialize                                0     0      0       0
 ---------------------------------------------------------------------------------
 (2) _INTERRUPT_Initialize                                 0     0      0       0
 ---------------------------------------------------------------------------------
 (1) _CD4094WriteH                                         1     1      0      22
                                              2 COMRAM     1     1      0
 ---------------------------------------------------------------------------------
 (1) _CD4094Driver                                         3     3      0      68
                                              2 COMRAM     3     3      0
 ---------------------------------------------------------------------------------
 (1) _CD4021Driver                                         5     5      0      93
                                              2 COMRAM     5     5      0
 ---------------------------------------------------------------------------------
 Estimated maximum stack depth 3
 ---------------------------------------------------------------------------------
 (Depth) Function   	        Calls       Base Space   Used Autos Params    Refs
 ---------------------------------------------------------------------------------
 (4) _INTERRUPT_InterruptManager                           2     2      0       0
                                              0 COMRAM     2     2      0
                           _TMR0_ISR
 ---------------------------------------------------------------------------------
 (5) _TMR0_ISR                                             0     0      0       0
                   Absolute function *
       _TMR0_DefaultInterruptHandler *
 ---------------------------------------------------------------------------------
 (6) _TMR0_DefaultInterruptHandler                         0     0      0       0
 ---------------------------------------------------------------------------------
 (6) Absolute function(Fake)                               0     0      0       0
 ---------------------------------------------------------------------------------
 Estimated maximum stack depth 6
 ---------------------------------------------------------------------------------

 Call Graph Graphs:

 _main (ROOT)
   _CD4021Driver
   _CD4094Driver
   _CD4094WriteH
   _SYSTEM_Initialize
     _INTERRUPT_Initialize
     _OSCILLATOR_Initialize
     _PIN_MANAGER_Initialize
     _TMR0_Initialize
       _TMR0_SetInterruptHandler

 _INTERRUPT_InterruptManager (ROOT)
   _TMR0_ISR
     Absolute function(Fake) *
     _TMR0_DefaultInterruptHandler *

 Address spaces:
Name               Size   Autos  Total    Cost      Usage
BIGRAM             1FF      0       0       8        0.0%
EEDATA             100      0       0       0        0.0%
BITBANK1           100      0       0       7        0.0%
BANK1              100      0       0       5        0.0%
BITBANK0            A0      0       0       3        0.0%
BANK0               A0      0       0       4        0.0%
BITCOMRAM           5E      0       0       0        0.0%
COMRAM              5E     18      24       1       38.3%
BITSFR_1             0      0       0     200        0.0%
SFR_1                0      0       0     200        0.0%
BITSFR               0      0       0     200        0.0%
SFR                  0      0       0     200        0.0%
STACK                0      0       0       2        0.0%
NULL                 0      0       0       0        0.0%
ABS                  0      0      24       6        0.0%
DATA                 0      0      24       9        0.0%
CODE                 0      0       0       0        0.0%


Microchip Technology PIC18 Macro Assembler V2.05 build -831301201 
Symbol Table                                                                                   Mon Apr 06 20:08:27 2020

                         _timer0ReloadVal 0023                              __CFG_CP0$OFF 000000  
                            __CFG_CP1$OFF 000000                               __CFG_LVP$ON 000000  
                                     l125 0160                                       l127 0192  
                            __CFG_CPB$OFF 000000                                       u210 0080  
                                     u140 0174                                       u220 00BC  
                                     u150 018C                                       u160 01A6  
                                     u148 0176                                       u180 013E  
                            __CFG_CPD$OFF 000000                                       tosl 000FFD  
                                     wreg 000FE8                main@CD4021DriveTimeCounter 0014  
                                    l1154 011E                                      l1138 00EC  
                                    l1190 0094                                      l1178 0052  
                                    _LATA 000F89                                      _LATB 000F8A  
                                    _LATC 000F8B                                      i2l64 001C  
                                    _WPUB 000F61                                      _main 002C  
                                    _temp 001C                                      btemp 0024  
                           __CFG_BORV$190 000000                                      start 0028  
                           __CFG_IESO$OFF 000000                              ___param_bank 000000  
                        CD4021Driver@temp 0004                   __end_of_TMR0_Initialize 021E  
          ??_TMR0_DefaultInterruptHandler 0001            __size_of_OSCILLATOR_Initialize 000E  
           __end_of_OSCILLATOR_Initialize 0258                                     ?_main 0001  
                                   _T0CON 000FD5                            __CFG_DEBUG$OFF 000000  
                                   _TMR0H 000FD7                                     _TMR0L 000FD6  
                                   _TRISA 000F92                                     _TRISB 000F93  
                                   _TRISC 000F94         __size_of_TMR0_SetInterruptHandler 000A  
                           __CFG_WRT0$OFF 000000                             __CFG_WRT1$OFF 000000  
               ?_TMR0_SetInterruptHandler 0003                            __CFG_EBTR0$OFF 000000  
                          __CFG_FCMEN$OFF 000000                            __CFG_EBTR1$OFF 000000  
                        __end_of_TMR0_ISR 01FC                             __CFG_WRTB$OFF 000000  
                           __CFG_WRTC$OFF 000000                             __CFG_WRTD$OFF 000000  
                          __CFG_EBTRB$OFF 000000                        __CFG_MCLRE$EXTMCLR 000000  
                                   pclath 000FFA                                     ttemp5 0025  
                                   ttemp6 0028                                     ttemp7 002C  
                                   status 000FD8                                     wtemp8 0025  
                          __CFG_HFOFST$ON 000000                            __CFG_PBADEN$ON 000000  
                         __initialization 021E                              __end_of_main 00D2  
             ?_INTERRUPT_InterruptManager 0001                                    ??_main 0008  
                           __activetblptr 000002                                    _ANSELA 000F38  
                                  _ANSELB 000F39                                    _ANSELC 000F3A  
                          __CFG_WDTEN$OFF 000000                                    _OSCCON 000FD3  
                          __CFG_XINST$OFF 000000                            __CFG_STVREN$ON 000000  
                        ?_TMR0_Initialize 0001                                    clear_0 0224  
                                  tblptru 000FF8  TMR0_SetInterruptHandler@InterruptHandler 0003  
           __size_of_INTERRUPT_Initialize 0004                         _SYSTEM_Initialize 0238  
                              __accesstop 0060                   __end_of__initialization 022A  
                      ?_SYSTEM_Initialize 0001                             ___rparam_used 000001  
                           CD4021Driver@i 0006                            __pcstackCOMRAM 0001  
                     ??_SYSTEM_Initialize 0005                                 ?_TMR0_ISR 0001  
                           ?_CD4021Driver 0001                             ?_CD4094Driver 0001  
                           ?_CD4094WriteH 0001                 __end_of_SYSTEM_Initialize 024A  
                         __CFG_PLLCFG$OFF 000000                                __pnvCOMRAM 0021  
                           CD4094Driver@i 0004                        __CFG_CCP2MX$PORTC1 000000  
        __end_of_TMR0_SetInterruptHandler 0270                                ??_TMR0_ISR 0001  
                      __CFG_CCP3MX$PORTB5 000000                            ??_CD4021Driver 0003  
                          ??_CD4094Driver 0003                                   _OSCCON2 000FD2  
                                 i2u13_48 01E8                                   _OSCTUNE 000F9B  
                          ??_CD4094WriteH 0003                           __CFG_PWRTEN$OFF 000000  
                                 __Hparam 0000                                   __Lparam 0000  
                                 __pcinit 021E                                   __ramtop 0200  
                                 __ptext0 002C                                   __ptext1 0238  
                                 __ptext2 01FC                                   __ptext3 0266  
                                 __ptext4 01AC                                   __ptext5 024A  
                                 __ptext6 0278                                   __ptext7 0270  
                                 __ptext8 00D2                                   __ptext9 0140  
                   _OSCILLATOR_Initialize 024A                  ??_PIN_MANAGER_Initialize 0003  
              __size_of_SYSTEM_Initialize 0012                      end_of_initialization 022A  
              main@CD4094DriveTimeCounter 0010                             __Lmediumconst 0000  
                                 postinc0 000FEE                  _TMR0_SetInterruptHandler 0266  
                               _PORTAbits 000F80                       CD4094WriteH@BufferH 0003  
                    __end_of_CD4021Driver 01AC                      __end_of_CD4094Driver 0140  
                    __end_of_CD4094WriteH 0278              __end_of_INTERRUPT_Initialize 027C  
                       __size_of_TMR0_ISR 0026                    ?_OSCILLATOR_Initialize 0001  
                     start_initialization 021E                  __size_of_TMR0_Initialize 0022  
         __size_of_PIN_MANAGER_Initialize 002A                               __pbssCOMRAM 0018  
                   _TMR0_InterruptHandler 0021                    _PIN_MANAGER_Initialize 01AC  
                               __pintcode 0008              ??_INTERRUPT_InterruptManager 0001  
                        __CFG_PRICLKEN$ON 000000                     __size_of_CD4021Driver 006C  
                    _INTERRUPT_Initialize 0278                     __size_of_CD4094Driver 006E  
                       ??_TMR0_Initialize 0005                                  _LATAbits 000F89  
                   __size_of_CD4094WriteH 0008       __size_of_INTERRUPT_InterruptManager 0020  
              ??_TMR0_SetInterruptHandler 0005                                  _RCONbits 000FD0  
                        __CFG_WDTPS$32768 000000                                  _TMR0_ISR 01D6  
                            _CD4021Buffer 0020                              _CD4021Driver 0140  
                            _CD4094Buffer 001E                              _CD4094Driver 00D2  
                            _CD4094WriteH 0270                               _INTCON2bits 000FF1  
                   ?_INTERRUPT_Initialize 0001                                  __Hrparam 0000  
                                __Lrparam 0000                        __CFG_BOREN$SBORDIS 000000  
                       __CFG_P2BMX$PORTB5 000000                   ??_OSCILLATOR_Initialize 0003  
                                __ptext11 01D6                                  __ptext12 0258  
                                __ptext13 0000                             __size_of_main 00A6  
    __end_of_TMR0_DefaultInterruptHandler 0266     __size_of_TMR0_DefaultInterruptHandler 000E  
            _TMR0_DefaultInterruptHandler 0258                                  int$flags 0024  
      __end_of_INTERRUPT_InterruptManager 0028                _INTERRUPT_InterruptManager 0008  
                              _INTCONbits 000FF2                    ??_INTERRUPT_Initialize 0003  
                                intlevel2 0000                   ?_PIN_MANAGER_Initialize 0001  
           ?_TMR0_DefaultInterruptHandler 0001                               _timeCounter 0018  
                         _TMR0_Initialize 01FC                         __CFG_T3CMX$PORTC0 000000  
          __end_of_PIN_MANAGER_Initialize 01D6                         __CFG_FOSC$INTIO67 000000  
