

Microchip MPLAB XC8 Assembler V2.05 build -831301201 
                                                                                               Tue Mar 31 14:01:57 2020

Microchip MPLAB XC8 C Compiler v2.05 (Free license) build 20181220022703 Og9 
     1                           	processor	18F23K22
     2                           	fnconf	rparam,??,?,0
     3                           	opt	pw 120
     4                           	opt	flic
     5                           	psect	nvCOMRAM,global,class=COMRAM,space=1,delta=1,noexec
     6                           	psect	cinit,global,reloc=2,class=CODE,delta=1
     7                           	psect	bssCOMRAM,global,class=COMRAM,space=1,delta=1,noexec
     8                           	psect	cstackCOMRAM,global,class=COMRAM,space=1,delta=1,noexec
     9                           	psect	text0,global,reloc=2,class=CODE,delta=1
    10                           	psect	text1,global,reloc=2,class=CODE,delta=1
    11                           	psect	text2,global,reloc=2,class=CODE,delta=1
    12                           	psect	text3,global,reloc=2,class=CODE,delta=1
    13                           	psect	text4,global,reloc=2,class=CODE,delta=1
    14                           	psect	text5,global,reloc=2,class=CODE,delta=1
    15                           	psect	text6,global,reloc=2,class=CODE,delta=1
    16                           	psect	text7,global,reloc=2,class=CODE,delta=1
    17                           	psect	text8,global,reloc=2,class=CODE,delta=1
    18                           	psect	text9,global,reloc=2,class=CODE,delta=1
    19                           	psect	text10,global,reloc=2,class=CODE,delta=1
    20                           	psect	intcode,global,reloc=2,class=CODE,delta=1
    21                           	psect	text12,global,reloc=2,class=CODE,delta=1
    22                           	psect	text13,global,reloc=2,class=CODE,delta=1
    23                           	psect	intsave_regs,global,class=BIGRAM,space=1,delta=1,noexec
    24                           	psect	text14,global,reloc=2,class=CODE,delta=1
    25                           	psect	rparam,global,class=COMRAM,space=1,delta=1,noexec
    26                           	psect	temp,global,ovrld,common,class=COMRAM,space=1,delta=1
    27  0000                     
    28                           ; Version 2.05
    29                           ; Generated 20/12/2018 GMT
    30                           ; 
    31                           ; Copyright © 2018, Microchip Technology Inc. and its subsidiaries ("Microchip")
    32                           ; All rights reserved.
    33                           ; 
    34                           ; This software is developed by Microchip Technology Inc. and its subsidiaries ("Microch
      +                          ip").
    35                           ; 
    36                           ; Redistribution and use in source and binary forms, with or without modification, are
    37                           ; permitted provided that the following conditions are met:
    38                           ; 
    39                           ;     1. Redistributions of source code must retain the above copyright notice, this lis
      +                          t of
    40                           ;        conditions and the following disclaimer.
    41                           ; 
    42                           ;     2. Redistributions in binary form must reproduce the above copyright notice, this 
      +                          list
    43                           ;        of conditions and the following disclaimer in the documentation and/or other
    44                           ;        materials provided with the distribution.
    45                           ; 
    46                           ;     3. Microchip's name may not be used to endorse or promote products derived from th
      +                          is
    47                           ;        software without specific prior written permission.
    48                           ; 
    49                           ; THIS SOFTWARE IS PROVIDED BY MICROCHIP "AS IS" AND ANY EXPRESS OR IMPLIED WARRANTIES,
    50                           ; INCLUDING, BUT NOT LIMITED TO, THE IMPLIED WARRANTIES OF MERCHANTABILITY AND FITNESS F
      +                          OR
    51                           ; PURPOSE ARE DISCLAIMED.  IN NO EVENT SHALL MICROCHIP BE LIABLE FOR ANY DIRECT, INDIREC
      +                          T,
    52                           ; INCIDENTAL, SPECIAL, EXEMPLARY, OR CONSEQUENTIAL DAMAGES (INCLUDING BUT NOT LIMITED TO
    53                           ; PROCUREMENT OF SUBSTITUTE GOODS OR SERVICES; LOSS OF USE, DATA OR PROFITS; OR BUSINESS
    54                           ; INTERRUPTION) HOWSOEVER CAUSED AND ON ANY THEORY OF LIABILITY, WHETHER IN CONTRACT, ST
      +                          RICT
    55                           ; LIABILITY, OR TORT (INCLUDING NEGLIGENCE OR OTHERWISE) ARISING IN ANY WAY OUT OF THE U
      +                          SE OF
    56                           ; THIS SOFTWARE, EVEN IF ADVISED OF THE POSSIBILITY OF SUCH DAMAGE.
    57                           ; 
    58                           ; 
    59                           ; Code-generator required, PIC18F23K22 Definitions
    60                           ; 
    61                           ; SFR Addresses
    62  0000                     
    63                           	psect	nvCOMRAM
    64  00001E                     __pnvCOMRAM:
    65                           	opt callstack 0
    66  00001E                     _TMR0_InterruptHandler:
    67                           	opt callstack 0
    68  00001E                     	ds	2
    69  000020                     _timer0ReloadVal:
    70                           	opt callstack 0
    71  000020                     	ds	1
    72  0000                     _ANSELA	set	3896
    73  0000                     _ANSELB	set	3897
    74  0000                     _ANSELC	set	3898
    75  0000                     _PORTAbits	set	3968
    76  0000                     _LATAbits	set	3977
    77  0000                     _RCONbits	set	4048
    78  0000                     _T0CON	set	4053
    79  0000                     _TMR0L	set	4054
    80  0000                     _TMR0H	set	4055
    81  0000                     _OSCTUNE	set	3995
    82  0000                     _OSCCON2	set	4050
    83  0000                     _OSCCON	set	4051
    84  0000                     _INTCONbits	set	4082
    85  0000                     _INTCON2bits	set	4081
    86  0000                     _WPUB	set	3937
    87  0000                     _TRISC	set	3988
    88  0000                     _TRISB	set	3987
    89  0000                     _TRISA	set	3986
    90  0000                     _LATC	set	3979
    91  0000                     _LATB	set	3978
    92  0000                     _LATA	set	3977
    93                           
    94                           ; #config settings
    95  0000                     
    96                           	psect	cinit
    97  000222                     __pcinit:
    98                           	opt callstack 0
    99  000222                     start_initialization:
   100                           	opt callstack 0
   101  000222                     __initialization:
   102                           	opt callstack 0
   103                           
   104                           ; Clear objects allocated to COMRAM (9 bytes)
   105  000222  EE00  F015         	lfsr	0,__pbssCOMRAM
   106  000226  0E09               	movlw	9
   107  000228                     clear_0:
   108  000228  6AEE               	clrf	postinc0,c
   109  00022A  06E8               	decf	wreg,f,c
   110  00022C  E1FD               	bnz	clear_0
   111  00022E                     end_of_initialization:
   112                           	opt callstack 0
   113  00022E                     __end_of__initialization:
   114                           	opt callstack 0
   115  00022E  9021               	bcf	int$flags,0,c	;clear compiler interrupt flag (level 1)
   116  000230  9221               	bcf	int$flags,1,c	;clear compiler interrupt flag (level 2)
   117  000232  0E00               	movlw	low (__Lmediumconst shr (0+16))
   118  000234  6EF8               	movwf	tblptru,c
   119  000236  0100               	movlb	0
   120  000238  EF16  F000         	goto	_main	;jump to C main() function
   121                           
   122                           	psect	bssCOMRAM
   123  000015                     __pbssCOMRAM:
   124                           	opt callstack 0
   125  000015                     _timeCounter:
   126                           	opt callstack 0
   127  000015                     	ds	4
   128  000019                     _temp:
   129                           	opt callstack 0
   130  000019                     	ds	2
   131  00001B                     _CD4094Buffer:
   132                           	opt callstack 0
   133  00001B                     	ds	2
   134  00001D                     _CD4021Buffer:
   135                           	opt callstack 0
   136  00001D                     	ds	1
   137                           
   138                           	psect	cstackCOMRAM
   139  000001                     __pcstackCOMRAM:
   140                           	opt callstack 0
   141  000001                     ??_INTERRUPT_InterruptManager:
   142  000001                     
   143                           ; 1 bytes @ 0x0
   144  000001                     	ds	2
   145  000003                     ??_CD4094Driver:
   146  000003                     ??_CD4021Driver:
   147  000003                     CD4094WriteL@BufferL:
   148                           	opt callstack 0
   149  000003                     TMR0_SetInterruptHandler@InterruptHandler:
   150                           	opt callstack 0
   151                           
   152                           ; 2 bytes @ 0x2
   153  000003                     	ds	1
   154  000004                     CD4094Driver@i:
   155                           	opt callstack 0
   156  000004                     CD4021Driver@temp:
   157                           	opt callstack 0
   158                           
   159                           ; 2 bytes @ 0x3
   160  000004                     	ds	1
   161  000005                     
   162                           ; 1 bytes @ 0x4
   163  000005                     	ds	1
   164  000006                     CD4021Driver@i:
   165                           	opt callstack 0
   166                           
   167                           ; 2 bytes @ 0x5
   168  000006                     	ds	2
   169  000008                     ??_main:
   170                           
   171                           ; 1 bytes @ 0x7
   172  000008                     	ds	4
   173  00000C                     main@CD4094DriveTimeCounter:
   174                           	opt callstack 0
   175                           
   176                           ; 4 bytes @ 0xB
   177  00000C                     	ds	4
   178  000010                     main@CD4021DriveTimeCounter:
   179                           	opt callstack 0
   180                           
   181                           ; 4 bytes @ 0xF
   182  000010                     	ds	4
   183  000014                     main@temp:
   184                           	opt callstack 0
   185                           
   186                           ; 1 bytes @ 0x13
   187  000014                     	ds	1
   188                           
   189 ;;
   190 ;;Main: autosize = 0, tempsize = 4, incstack = 0, save=0
   191 ;;
   192 ;; *************** function _main *****************
   193 ;; Defined at:
   194 ;;		line 53 in file "main.c"
   195 ;; Parameters:    Size  Location     Type
   196 ;;		None
   197 ;; Auto vars:     Size  Location     Type
   198 ;;  temp            1   19[COMRAM] unsigned char 
   199 ;;  CD4021DriveT    4   15[COMRAM] unsigned long 
   200 ;;  CD4094DriveT    4   11[COMRAM] unsigned long 
   201 ;; Return value:  Size  Location     Type
   202 ;;                  1    wreg      void 
   203 ;; Registers used:
   204 ;;		wreg, status,2, status,0, cstack
   205 ;; Tracked objects:
   206 ;;		On entry : 0/0
   207 ;;		On exit  : 0/0
   208 ;;		Unchanged: 0/0
   209 ;; Data sizes:     COMRAM   BANK0   BANK1
   210 ;;      Params:         0       0       0
   211 ;;      Locals:         9       0       0
   212 ;;      Temps:          4       0       0
   213 ;;      Totals:        13       0       0
   214 ;;Total ram usage:       13 bytes
   215 ;; Hardware stack levels required when called:    6
   216 ;; This function calls:
   217 ;;		_CD4021Driver
   218 ;;		_CD4021Read
   219 ;;		_CD4094Driver
   220 ;;		_CD4094WriteL
   221 ;;		_SYSTEM_Initialize
   222 ;; This function is called by:
   223 ;;		Startup code after reset
   224 ;; This function uses a non-reentrant model
   225 ;;
   226                           
   227                           	psect	text0
   228  00002C                     __ptext0:
   229                           	opt callstack 0
   230  00002C                     _main:
   231                           	opt callstack 25
   232                           
   233                           ;main.c: 56: SYSTEM_Initialize();
   234                           
   235                           ;incstack = 0
   236  00002C  EC1E  F001         	call	_SYSTEM_Initialize	;wreg free
   237                           
   238                           ; BSR set to: 15
   239                           ;main.c: 63: (INTCONbits.GIE = 1);
   240  000030  8EF2               	bsf	4082,7,c	;volatile
   241                           
   242                           ; BSR set to: 15
   243                           ;main.c: 73: uint32_t CD4094DriveTimeCounter = 0, CD4021DriveTimeCounter = 0;
   244  000032  0E00               	movlw	0
   245  000034  6E0C               	movwf	main@CD4094DriveTimeCounter,c
   246  000036  0E00               	movlw	0
   247  000038  6E0D               	movwf	main@CD4094DriveTimeCounter+1,c
   248  00003A  0E00               	movlw	0
   249  00003C  6E0E               	movwf	main@CD4094DriveTimeCounter+2,c
   250  00003E  0E00               	movlw	0
   251  000040  6E0F               	movwf	main@CD4094DriveTimeCounter+3,c
   252                           
   253                           ; BSR set to: 15
   254  000042  0E00               	movlw	0
   255  000044  6E10               	movwf	main@CD4021DriveTimeCounter,c
   256  000046  0E00               	movlw	0
   257  000048  6E11               	movwf	main@CD4021DriveTimeCounter+1,c
   258  00004A  0E00               	movlw	0
   259  00004C  6E12               	movwf	main@CD4021DriveTimeCounter+2,c
   260  00004E  0E00               	movlw	0
   261  000050  6E13               	movwf	main@CD4021DriveTimeCounter+3,c
   262  000052                     l1170:
   263                           
   264                           ;main.c: 75: {;main.c: 76: uint8_t temp = CD4021Read();
   265  000052  EC40  F001         	call	_CD4021Read	;wreg free
   266  000056  6E14               	movwf	main@temp,c
   267                           
   268                           ;main.c: 77: CD4094WriteL(temp);
   269  000058  5014               	movf	main@temp,w,c
   270  00005A  EC3A  F001         	call	_CD4094WriteL
   271                           
   272                           ;main.c: 78: if((timeCounter - CD4094DriveTimeCounter)>=100){
   273  00005E  500C               	movf	main@CD4094DriveTimeCounter,w,c
   274  000060  5C15               	subwf	_timeCounter,w,c
   275  000062  6E08               	movwf	??_main& (0+255),c
   276  000064  500D               	movf	main@CD4094DriveTimeCounter+1,w,c
   277  000066  5816               	subwfb	_timeCounter+1,w,c
   278  000068  6E09               	movwf	(??_main+1)& (0+255),c
   279  00006A  500E               	movf	main@CD4094DriveTimeCounter+2,w,c
   280  00006C  5817               	subwfb	_timeCounter+2,w,c
   281  00006E  6E0A               	movwf	(??_main+2)& (0+255),c
   282  000070  500F               	movf	main@CD4094DriveTimeCounter+3,w,c
   283  000072  5818               	subwfb	_timeCounter+3,w,c
   284  000074  6E0B               	movwf	(??_main+3)& (0+255),c
   285  000076  500B               	movf	??_main+3,w,c
   286  000078  100A               	iorwf	??_main+2,w,c
   287  00007A  1009               	iorwf	??_main+1,w,c
   288  00007C  E104               	bnz	u250
   289  00007E  0E64               	movlw	100
   290  000080  5C08               	subwf	??_main,w,c
   291  000082  A0D8               	btfss	status,0,c
   292  000084  D00A               	goto	l1180
   293  000086                     u250:
   294                           
   295                           ;main.c: 79: CD4094DriveTimeCounter = timeCounter;
   296  000086  C015  F00C         	movff	_timeCounter,main@CD4094DriveTimeCounter
   297  00008A  C016  F00D         	movff	_timeCounter+1,main@CD4094DriveTimeCounter+1
   298  00008E  C017  F00E         	movff	_timeCounter+2,main@CD4094DriveTimeCounter+2
   299  000092  C018  F00F         	movff	_timeCounter+3,main@CD4094DriveTimeCounter+3
   300                           
   301                           ;main.c: 80: CD4094Driver();
   302  000096  EC6C  F000         	call	_CD4094Driver	;wreg free
   303  00009A                     l1180:
   304                           
   305                           ;main.c: 81: };main.c: 82: if((timeCounter - CD4021DriveTimeCounter)>=100){
   306  00009A  5010               	movf	main@CD4021DriveTimeCounter,w,c
   307  00009C  5C15               	subwf	_timeCounter,w,c
   308  00009E  6E08               	movwf	??_main& (0+255),c
   309  0000A0  5011               	movf	main@CD4021DriveTimeCounter+1,w,c
   310  0000A2  5816               	subwfb	_timeCounter+1,w,c
   311  0000A4  6E09               	movwf	(??_main+1)& (0+255),c
   312  0000A6  5012               	movf	main@CD4021DriveTimeCounter+2,w,c
   313  0000A8  5817               	subwfb	_timeCounter+2,w,c
   314  0000AA  6E0A               	movwf	(??_main+2)& (0+255),c
   315  0000AC  5013               	movf	main@CD4021DriveTimeCounter+3,w,c
   316  0000AE  5818               	subwfb	_timeCounter+3,w,c
   317  0000B0  6E0B               	movwf	(??_main+3)& (0+255),c
   318  0000B2  500B               	movf	??_main+3,w,c
   319  0000B4  100A               	iorwf	??_main+2,w,c
   320  0000B6  1009               	iorwf	??_main+1,w,c
   321  0000B8  E104               	bnz	u260
   322  0000BA  0E64               	movlw	100
   323  0000BC  5C08               	subwf	??_main,w,c
   324  0000BE  A0D8               	btfss	status,0,c
   325  0000C0  D7C8               	goto	l1170
   326  0000C2                     u260:
   327                           
   328                           ;main.c: 83: CD4021DriveTimeCounter = timeCounter;
   329  0000C2  C015  F010         	movff	_timeCounter,main@CD4021DriveTimeCounter
   330  0000C6  C016  F011         	movff	_timeCounter+1,main@CD4021DriveTimeCounter+1
   331  0000CA  C017  F012         	movff	_timeCounter+2,main@CD4021DriveTimeCounter+2
   332  0000CE  C018  F013         	movff	_timeCounter+3,main@CD4021DriveTimeCounter+3
   333                           
   334                           ;main.c: 84: CD4021Driver();
   335  0000D2  EC9F  F000         	call	_CD4021Driver	;wreg free
   336  0000D6  D7BD               	goto	l1170
   337  0000D8                     __end_of_main:
   338                           	opt callstack 0
   339                           
   340 ;; *************** function _SYSTEM_Initialize *****************
   341 ;; Defined at:
   342 ;;		line 50 in file "mcc_generated_files/mcc.c"
   343 ;; Parameters:    Size  Location     Type
   344 ;;		None
   345 ;; Auto vars:     Size  Location     Type
   346 ;;		None
   347 ;; Return value:  Size  Location     Type
   348 ;;                  1    wreg      void 
   349 ;; Registers used:
   350 ;;		wreg, status,2, status,0, cstack
   351 ;; Tracked objects:
   352 ;;		On entry : 0/0
   353 ;;		On exit  : 3F/F
   354 ;;		Unchanged: 0/0
   355 ;; Data sizes:     COMRAM   BANK0   BANK1
   356 ;;      Params:         0       0       0
   357 ;;      Locals:         0       0       0
   358 ;;      Temps:          0       0       0
   359 ;;      Totals:         0       0       0
   360 ;;Total ram usage:        0 bytes
   361 ;; Hardware stack levels used:    1
   362 ;; Hardware stack levels required when called:    5
   363 ;; This function calls:
   364 ;;		_INTERRUPT_Initialize
   365 ;;		_OSCILLATOR_Initialize
   366 ;;		_PIN_MANAGER_Initialize
   367 ;;		_TMR0_Initialize
   368 ;; This function is called by:
   369 ;;		_main
   370 ;; This function uses a non-reentrant model
   371 ;;
   372                           
   373                           	psect	text1
   374  00023C                     __ptext1:
   375                           	opt callstack 0
   376  00023C                     _SYSTEM_Initialize:
   377                           	opt callstack 25
   378                           
   379                           ;mcc.c: 53: INTERRUPT_Initialize();
   380                           
   381                           ;incstack = 0
   382  00023C  EC3E  F001         	call	_INTERRUPT_Initialize	;wreg free
   383                           
   384                           ;mcc.c: 54: PIN_MANAGER_Initialize();
   385  000240  ECEA  F000         	call	_PIN_MANAGER_Initialize	;wreg free
   386                           
   387                           ; BSR set to: 15
   388                           ;mcc.c: 55: OSCILLATOR_Initialize();
   389  000244  EC27  F001         	call	_OSCILLATOR_Initialize	;wreg free
   390                           
   391                           ; BSR set to: 15
   392                           ;mcc.c: 56: TMR0_Initialize();
   393  000248  ECD1  F000         	call	_TMR0_Initialize	;wreg free
   394                           
   395                           ; BSR set to: 15
   396  00024C  0012               	return		;funcret
   397  00024E                     __end_of_SYSTEM_Initialize:
   398                           	opt callstack 0
   399                           
   400 ;; *************** function _TMR0_Initialize *****************
   401 ;; Defined at:
   402 ;;		line 68 in file "mcc_generated_files/tmr0.c"
   403 ;; Parameters:    Size  Location     Type
   404 ;;		None
   405 ;; Auto vars:     Size  Location     Type
   406 ;;		None
   407 ;; Return value:  Size  Location     Type
   408 ;;                  1    wreg      void 
   409 ;; Registers used:
   410 ;;		wreg, status,2, status,0, cstack
   411 ;; Tracked objects:
   412 ;;		On entry : 3F/F
   413 ;;		On exit  : 3F/F
   414 ;;		Unchanged: 3E/0
   415 ;; Data sizes:     COMRAM   BANK0   BANK1
   416 ;;      Params:         0       0       0
   417 ;;      Locals:         0       0       0
   418 ;;      Temps:          0       0       0
   419 ;;      Totals:         0       0       0
   420 ;;Total ram usage:        0 bytes
   421 ;; Hardware stack levels used:    1
   422 ;; Hardware stack levels required when called:    4
   423 ;; This function calls:
   424 ;;		_TMR0_SetInterruptHandler
   425 ;; This function is called by:
   426 ;;		_SYSTEM_Initialize
   427 ;; This function uses a non-reentrant model
   428 ;;
   429                           
   430                           	psect	text2
   431  0001A2                     __ptext2:
   432                           	opt callstack 0
   433  0001A2                     _TMR0_Initialize:
   434                           	opt callstack 25
   435                           
   436                           ; BSR set to: 15
   437                           ;tmr0.c: 73: TMR0H = 0x00;
   438                           
   439                           ; BSR set to: 15
   440                           ;incstack = 0
   441  0001A2  0E00               	movlw	0
   442  0001A4  6ED7               	movwf	4055,c	;volatile
   443                           
   444                           ;tmr0.c: 76: TMR0L = 0xE7;
   445  0001A6  0EE7               	movlw	231
   446  0001A8  6ED6               	movwf	4054,c	;volatile
   447                           
   448                           ;tmr0.c: 80: timer0ReloadVal = 231;
   449  0001AA  0EE7               	movlw	231
   450  0001AC  6E20               	movwf	_timer0ReloadVal,c	;volatile
   451                           
   452                           ; BSR set to: 15
   453                           ;tmr0.c: 83: INTCONbits.TMR0IF = 0;
   454  0001AE  94F2               	bcf	4082,2,c	;volatile
   455                           
   456                           ; BSR set to: 15
   457                           ;tmr0.c: 86: INTCONbits.TMR0IE = 1;
   458  0001B0  8AF2               	bsf	4082,5,c	;volatile
   459                           
   460                           ; BSR set to: 15
   461                           ;tmr0.c: 89: TMR0_SetInterruptHandler(TMR0_DefaultInterruptHandler);
   462  0001B2  0E5C               	movlw	low _TMR0_DefaultInterruptHandler
   463  0001B4  6E03               	movwf	TMR0_SetInterruptHandler@InterruptHandler,c
   464  0001B6  0E02               	movlw	high _TMR0_DefaultInterruptHandler
   465  0001B8  6E04               	movwf	TMR0_SetInterruptHandler@InterruptHandler+1,c
   466  0001BA  EC35  F001         	call	_TMR0_SetInterruptHandler	;wreg free
   467                           
   468                           ; BSR set to: 15
   469                           ;tmr0.c: 92: T0CON = 0xD0;
   470  0001BE  0ED0               	movlw	208
   471  0001C0  6ED5               	movwf	4053,c	;volatile
   472                           
   473                           ; BSR set to: 15
   474                           ;tmr0.c: 93: timeCounter = 0;
   475  0001C2  0E00               	movlw	0
   476  0001C4  6E15               	movwf	_timeCounter,c
   477  0001C6  0E00               	movlw	0
   478  0001C8  6E16               	movwf	_timeCounter+1,c
   479  0001CA  0E00               	movlw	0
   480  0001CC  6E17               	movwf	_timeCounter+2,c
   481  0001CE  0E00               	movlw	0
   482  0001D0  6E18               	movwf	_timeCounter+3,c
   483                           
   484                           ; BSR set to: 15
   485  0001D2  0012               	return		;funcret
   486  0001D4                     __end_of_TMR0_Initialize:
   487                           	opt callstack 0
   488                           
   489 ;; *************** function _TMR0_SetInterruptHandler *****************
   490 ;; Defined at:
   491 ;;		line 149 in file "mcc_generated_files/tmr0.c"
   492 ;; Parameters:    Size  Location     Type
   493 ;;  InterruptHan    2    2[COMRAM] PTR FTN()void 
   494 ;;		 -> TMR0_DefaultInterruptHandler(1), 
   495 ;; Auto vars:     Size  Location     Type
   496 ;;		None
   497 ;; Return value:  Size  Location     Type
   498 ;;                  1    wreg      void 
   499 ;; Registers used:
   500 ;;		wreg, status,2, status,0
   501 ;; Tracked objects:
   502 ;;		On entry : 3F/F
   503 ;;		On exit  : 3F/F
   504 ;;		Unchanged: 3E/0
   505 ;; Data sizes:     COMRAM   BANK0   BANK1
   506 ;;      Params:         2       0       0
   507 ;;      Locals:         0       0       0
   508 ;;      Temps:          0       0       0
   509 ;;      Totals:         2       0       0
   510 ;;Total ram usage:        2 bytes
   511 ;; Hardware stack levels used:    1
   512 ;; Hardware stack levels required when called:    3
   513 ;; This function calls:
   514 ;;		Nothing
   515 ;; This function is called by:
   516 ;;		_TMR0_Initialize
   517 ;; This function uses a non-reentrant model
   518 ;;
   519                           
   520                           	psect	text3
   521  00026A                     __ptext3:
   522                           	opt callstack 0
   523  00026A                     _TMR0_SetInterruptHandler:
   524                           	opt callstack 25
   525                           
   526                           ; BSR set to: 15
   527                           ;tmr0.c: 150: TMR0_InterruptHandler = InterruptHandler;
   528                           
   529                           ; BSR set to: 15
   530                           ;incstack = 0
   531  00026A  C003  F01E         	movff	TMR0_SetInterruptHandler@InterruptHandler,_TMR0_InterruptHandler
   532  00026E  C004  F01F         	movff	TMR0_SetInterruptHandler@InterruptHandler+1,_TMR0_InterruptHandler+1
   533                           
   534                           ; BSR set to: 15
   535  000272  0012               	return		;funcret
   536  000274                     __end_of_TMR0_SetInterruptHandler:
   537                           	opt callstack 0
   538                           
   539 ;; *************** function _PIN_MANAGER_Initialize *****************
   540 ;; Defined at:
   541 ;;		line 55 in file "mcc_generated_files/pin_manager.c"
   542 ;; Parameters:    Size  Location     Type
   543 ;;		None
   544 ;; Auto vars:     Size  Location     Type
   545 ;;		None
   546 ;; Return value:  Size  Location     Type
   547 ;;                  1    wreg      void 
   548 ;; Registers used:
   549 ;;		wreg, status,2
   550 ;; Tracked objects:
   551 ;;		On entry : 0/0
   552 ;;		On exit  : 3F/F
   553 ;;		Unchanged: 0/0
   554 ;; Data sizes:     COMRAM   BANK0   BANK1
   555 ;;      Params:         0       0       0
   556 ;;      Locals:         0       0       0
   557 ;;      Temps:          0       0       0
   558 ;;      Totals:         0       0       0
   559 ;;Total ram usage:        0 bytes
   560 ;; Hardware stack levels used:    1
   561 ;; Hardware stack levels required when called:    3
   562 ;; This function calls:
   563 ;;		Nothing
   564 ;; This function is called by:
   565 ;;		_SYSTEM_Initialize
   566 ;; This function uses a non-reentrant model
   567 ;;
   568                           
   569                           	psect	text4
   570  0001D4                     __ptext4:
   571                           	opt callstack 0
   572  0001D4                     _PIN_MANAGER_Initialize:
   573                           	opt callstack 26
   574                           
   575                           ;pin_manager.c: 60: LATA = 0x00;
   576                           
   577                           ; BSR set to: 15
   578                           ;incstack = 0
   579  0001D4  0E00               	movlw	0
   580  0001D6  6E89               	movwf	3977,c	;volatile
   581                           
   582                           ;pin_manager.c: 61: LATB = 0x00;
   583  0001D8  0E00               	movlw	0
   584  0001DA  6E8A               	movwf	3978,c	;volatile
   585                           
   586                           ;pin_manager.c: 62: LATC = 0x00;
   587  0001DC  0E00               	movlw	0
   588  0001DE  6E8B               	movwf	3979,c	;volatile
   589                           
   590                           ;pin_manager.c: 67: TRISA = 0xD0;
   591  0001E0  0ED0               	movlw	208
   592  0001E2  6E92               	movwf	3986,c	;volatile
   593                           
   594                           ;pin_manager.c: 68: TRISB = 0xFF;
   595  0001E4  6893               	setf	3987,c	;volatile
   596                           
   597                           ;pin_manager.c: 69: TRISC = 0xFF;
   598  0001E6  6894               	setf	3988,c	;volatile
   599                           
   600                           ;pin_manager.c: 74: ANSELC = 0xFC;
   601  0001E8  0EFC               	movlw	252
   602  0001EA  010F               	movlb	15	; () banked
   603  0001EC  6F3A               	movwf	58,b	;volatile
   604                           
   605                           ;pin_manager.c: 75: ANSELB = 0x3F;
   606  0001EE  0E3F               	movlw	63
   607  0001F0  6F39               	movwf	57,b	;volatile
   608                           
   609                           ;pin_manager.c: 76: ANSELA = 0x00;
   610  0001F2  0E00               	movlw	0
   611  0001F4  6F38               	movwf	56,b	;volatile
   612                           
   613                           ; BSR set to: 15
   614                           ;pin_manager.c: 81: WPUB = 0xFF;
   615  0001F6  6861               	setf	3937,c	;volatile
   616                           
   617                           ; BSR set to: 15
   618                           ;pin_manager.c: 82: INTCON2bits.nRBPU = 1;
   619  0001F8  8EF1               	bsf	4081,7,c	;volatile
   620                           
   621                           ; BSR set to: 15
   622  0001FA  0012               	return		;funcret
   623  0001FC                     __end_of_PIN_MANAGER_Initialize:
   624                           	opt callstack 0
   625                           
   626 ;; *************** function _OSCILLATOR_Initialize *****************
   627 ;; Defined at:
   628 ;;		line 59 in file "mcc_generated_files/mcc.c"
   629 ;; Parameters:    Size  Location     Type
   630 ;;		None
   631 ;; Auto vars:     Size  Location     Type
   632 ;;		None
   633 ;; Return value:  Size  Location     Type
   634 ;;                  1    wreg      void 
   635 ;; Registers used:
   636 ;;		wreg, status,2
   637 ;; Tracked objects:
   638 ;;		On entry : 3F/F
   639 ;;		On exit  : 3F/F
   640 ;;		Unchanged: 3E/0
   641 ;; Data sizes:     COMRAM   BANK0   BANK1
   642 ;;      Params:         0       0       0
   643 ;;      Locals:         0       0       0
   644 ;;      Temps:          0       0       0
   645 ;;      Totals:         0       0       0
   646 ;;Total ram usage:        0 bytes
   647 ;; Hardware stack levels used:    1
   648 ;; Hardware stack levels required when called:    3
   649 ;; This function calls:
   650 ;;		Nothing
   651 ;; This function is called by:
   652 ;;		_SYSTEM_Initialize
   653 ;; This function uses a non-reentrant model
   654 ;;
   655                           
   656                           	psect	text5
   657  00024E                     __ptext5:
   658                           	opt callstack 0
   659  00024E                     _OSCILLATOR_Initialize:
   660                           	opt callstack 26
   661                           
   662                           ; BSR set to: 15
   663                           ;mcc.c: 62: OSCCON = 0x40;
   664                           
   665                           ; BSR set to: 15
   666                           ;incstack = 0
   667  00024E  0E40               	movlw	64
   668  000250  6ED3               	movwf	4051,c	;volatile
   669                           
   670                           ;mcc.c: 64: OSCCON2 = 0x04;
   671  000252  0E04               	movlw	4
   672  000254  6ED2               	movwf	4050,c	;volatile
   673                           
   674                           ;mcc.c: 66: OSCTUNE = 0x80;
   675  000256  0E80               	movlw	128
   676  000258  6E9B               	movwf	3995,c	;volatile
   677                           
   678                           ; BSR set to: 15
   679  00025A  0012               	return		;funcret
   680  00025C                     __end_of_OSCILLATOR_Initialize:
   681                           	opt callstack 0
   682                           
   683 ;; *************** function _INTERRUPT_Initialize *****************
   684 ;; Defined at:
   685 ;;		line 52 in file "mcc_generated_files/interrupt_manager.c"
   686 ;; Parameters:    Size  Location     Type
   687 ;;		None
   688 ;; Auto vars:     Size  Location     Type
   689 ;;		None
   690 ;; Return value:  Size  Location     Type
   691 ;;                  1    wreg      void 
   692 ;; Registers used:
   693 ;;		None
   694 ;; Tracked objects:
   695 ;;		On entry : 0/0
   696 ;;		On exit  : 0/0
   697 ;;		Unchanged: 0/0
   698 ;; Data sizes:     COMRAM   BANK0   BANK1
   699 ;;      Params:         0       0       0
   700 ;;      Locals:         0       0       0
   701 ;;      Temps:          0       0       0
   702 ;;      Totals:         0       0       0
   703 ;;Total ram usage:        0 bytes
   704 ;; Hardware stack levels used:    1
   705 ;; Hardware stack levels required when called:    3
   706 ;; This function calls:
   707 ;;		Nothing
   708 ;; This function is called by:
   709 ;;		_SYSTEM_Initialize
   710 ;; This function uses a non-reentrant model
   711 ;;
   712                           
   713                           	psect	text6
   714  00027C                     __ptext6:
   715                           	opt callstack 0
   716  00027C                     _INTERRUPT_Initialize:
   717                           	opt callstack 26
   718                           
   719                           ;interrupt_manager.c: 55: RCONbits.IPEN = 0;
   720                           
   721                           ; BSR set to: 15
   722                           ;incstack = 0
   723  00027C  9ED0               	bcf	4048,7,c	;volatile
   724  00027E  0012               	return		;funcret
   725  000280                     __end_of_INTERRUPT_Initialize:
   726                           	opt callstack 0
   727                           
   728 ;; *************** function _CD4094WriteL *****************
   729 ;; Defined at:
   730 ;;		line 49 in file "mcc_generated_files/CD4094.c"
   731 ;; Parameters:    Size  Location     Type
   732 ;;  BufferL         1    wreg     unsigned char 
   733 ;; Auto vars:     Size  Location     Type
   734 ;;  BufferL         1    2[COMRAM] unsigned char 
   735 ;; Return value:  Size  Location     Type
   736 ;;                  1    wreg      void 
   737 ;; Registers used:
   738 ;;		wreg
   739 ;; Tracked objects:
   740 ;;		On entry : 0/F
   741 ;;		On exit  : 0/0
   742 ;;		Unchanged: 0/0
   743 ;; Data sizes:     COMRAM   BANK0   BANK1
   744 ;;      Params:         0       0       0
   745 ;;      Locals:         1       0       0
   746 ;;      Temps:          0       0       0
   747 ;;      Totals:         1       0       0
   748 ;;Total ram usage:        1 bytes
   749 ;; Hardware stack levels used:    1
   750 ;; Hardware stack levels required when called:    3
   751 ;; This function calls:
   752 ;;		Nothing
   753 ;; This function is called by:
   754 ;;		_main
   755 ;; This function uses a non-reentrant model
   756 ;;
   757                           
   758                           	psect	text7
   759  000274                     __ptext7:
   760                           	opt callstack 0
   761  000274                     _CD4094WriteL:
   762                           	opt callstack 27
   763                           
   764                           ;incstack = 0
   765                           ;CD4094WriteL@BufferL stored from wreg
   766  000274  6E03               	movwf	CD4094WriteL@BufferL,c
   767                           
   768                           ;CD4094.c: 50: CD4094Buffer.BufferL = BufferL;
   769  000276  C003  F01C         	movff	CD4094WriteL@BufferL,_CD4094Buffer+1
   770  00027A  0012               	return		;funcret
   771  00027C                     __end_of_CD4094WriteL:
   772                           	opt callstack 0
   773                           
   774 ;; *************** function _CD4094Driver *****************
   775 ;; Defined at:
   776 ;;		line 21 in file "mcc_generated_files/CD4094.c"
   777 ;; Parameters:    Size  Location     Type
   778 ;;		None
   779 ;; Auto vars:     Size  Location     Type
   780 ;;  i               2    3[COMRAM] int 
   781 ;; Return value:  Size  Location     Type
   782 ;;                  1    wreg      void 
   783 ;; Registers used:
   784 ;;		wreg, status,2, status,0
   785 ;; Tracked objects:
   786 ;;		On entry : 0/F
   787 ;;		On exit  : 0/0
   788 ;;		Unchanged: 0/0
   789 ;; Data sizes:     COMRAM   BANK0   BANK1
   790 ;;      Params:         0       0       0
   791 ;;      Locals:         2       0       0
   792 ;;      Temps:          1       0       0
   793 ;;      Totals:         3       0       0
   794 ;;Total ram usage:        3 bytes
   795 ;; Hardware stack levels used:    1
   796 ;; Hardware stack levels required when called:    3
   797 ;; This function calls:
   798 ;;		Nothing
   799 ;; This function is called by:
   800 ;;		_main
   801 ;; This function uses a non-reentrant model
   802 ;;
   803                           
   804                           	psect	text8
   805  0000D8                     __ptext8:
   806                           	opt callstack 0
   807  0000D8                     _CD4094Driver:
   808                           	opt callstack 27
   809                           
   810                           ;CD4094.c: 22: temp = CD4094Buffer.Buffer;
   811                           
   812                           ;incstack = 0
   813  0000D8  C01B  F019         	movff	_CD4094Buffer,_temp
   814  0000DC  C01C  F01A         	movff	_CD4094Buffer+1,_temp+1
   815                           
   816                           ;CD4094.c: 23: LATAbits.LATA1 = LATAbits.LATA0 = LATAbits.LATA2 = 0;
   817  0000E0  9489               	bcf	3977,2,c	;volatile
   818  0000E2  9089               	bcf	3977,0,c	;volatile
   819  0000E4  9289               	bcf	3977,1,c	;volatile
   820                           
   821                           ;CD4094.c: 24: __nop();
   822  0000E6  F000               	nop	
   823                           
   824                           ;CD4094.c: 25: for(int i=0;i<16;i++){
   825  0000E8  0E00               	movlw	0
   826  0000EA  6E05               	movwf	CD4094Driver@i+1,c
   827  0000EC  0E00               	movlw	0
   828  0000EE  6E04               	movwf	CD4094Driver@i,c
   829  0000F0                     l1114:
   830                           
   831                           ;CD4094.c: 26: LATAbits.LATA1 = (temp&0x0001)?1:0;
   832  0000F0  A019               	btfss	_temp,0,c
   833  0000F2  D003               	goto	u160
   834  0000F4  6A03               	clrf	??_CD4094Driver& (0+255),c
   835  0000F6  2A03               	incf	??_CD4094Driver& (0+255),f,c
   836  0000F8  D001               	goto	u178
   837  0000FA                     u160:
   838  0000FA  6A03               	clrf	??_CD4094Driver& (0+255),c
   839  0000FC                     u178:
   840  0000FC  4603               	rlncf	??_CD4094Driver,f,c
   841  0000FE  5089               	movf	3977,w,c	;volatile
   842  000100  1803               	xorwf	??_CD4094Driver,w,c
   843  000102  0BFD               	andlw	-3
   844  000104  1803               	xorwf	??_CD4094Driver,w,c
   845  000106  6E89               	movwf	3977,c	;volatile
   846                           
   847                           ;CD4094.c: 27: __nop();
   848  000108  F000               	nop	
   849                           
   850                           ;CD4094.c: 28: LATAbits.LATA2 = 1;
   851  00010A  8489               	bsf	3977,2,c	;volatile
   852                           
   853                           ;CD4094.c: 29: __nop();
   854  00010C  F000               	nop	
   855                           
   856                           ;CD4094.c: 30: LATAbits.LATA2 = 0;
   857  00010E  9489               	bcf	3977,2,c	;volatile
   858                           
   859                           ;CD4094.c: 31: if(i==15){
   860  000110  0E0F               	movlw	15
   861  000112  1804               	xorwf	CD4094Driver@i,w,c
   862  000114  1005               	iorwf	CD4094Driver@i+1,w,c
   863  000116  A4D8               	btfss	status,2,c
   864  000118  D003               	goto	l1126
   865                           
   866                           ;CD4094.c: 32: LATAbits.LATA0 = 1;
   867  00011A  8089               	bsf	3977,0,c	;volatile
   868                           
   869                           ;CD4094.c: 33: __nop();
   870  00011C  F000               	nop	
   871                           
   872                           ;CD4094.c: 34: LATAbits.LATA0 = 0;
   873  00011E  9089               	bcf	3977,0,c	;volatile
   874  000120                     l1126:
   875                           
   876                           ;CD4094.c: 35: };CD4094.c: 36: temp>>=1;
   877  000120  90D8               	bcf	status,0,c
   878  000122  321A               	rrcf	_temp+1,f,c
   879  000124  3219               	rrcf	_temp,f,c
   880  000126  4A04               	infsnz	CD4094Driver@i,f,c
   881  000128  2A05               	incf	CD4094Driver@i+1,f,c
   882  00012A  BE05               	btfsc	CD4094Driver@i+1,7,c
   883  00012C  D7E1               	goto	l1114
   884  00012E  5005               	movf	CD4094Driver@i+1,w,c
   885  000130  E105               	bnz	u190
   886  000132  0E10               	movlw	16
   887  000134  5C04               	subwf	CD4094Driver@i,w,c
   888  000136  B0D8               	btfsc	status,0,c
   889  000138  0012               	return	
   890  00013A  D7DA               	goto	l1114
   891  00013C                     u190:
   892  00013C  0012               	return		;funcret
   893  00013E                     __end_of_CD4094Driver:
   894                           	opt callstack 0
   895                           
   896 ;; *************** function _CD4021Read *****************
   897 ;; Defined at:
   898 ;;		line 34 in file "mcc_generated_files/CD4021.c"
   899 ;; Parameters:    Size  Location     Type
   900 ;;		None
   901 ;; Auto vars:     Size  Location     Type
   902 ;;		None
   903 ;; Return value:  Size  Location     Type
   904 ;;                  1    wreg      unsigned char 
   905 ;; Registers used:
   906 ;;		wreg, status,2
   907 ;; Tracked objects:
   908 ;;		On entry : 0/F
   909 ;;		On exit  : 0/0
   910 ;;		Unchanged: 0/0
   911 ;; Data sizes:     COMRAM   BANK0   BANK1
   912 ;;      Params:         0       0       0
   913 ;;      Locals:         0       0       0
   914 ;;      Temps:          0       0       0
   915 ;;      Totals:         0       0       0
   916 ;;Total ram usage:        0 bytes
   917 ;; Hardware stack levels used:    1
   918 ;; Hardware stack levels required when called:    3
   919 ;; This function calls:
   920 ;;		Nothing
   921 ;; This function is called by:
   922 ;;		_main
   923 ;; This function uses a non-reentrant model
   924 ;;
   925                           
   926                           	psect	text9
   927  000280                     __ptext9:
   928                           	opt callstack 0
   929  000280                     _CD4021Read:
   930                           	opt callstack 27
   931                           
   932                           ;CD4021.c: 36: return CD4021Buffer;
   933                           
   934                           ;incstack = 0
   935  000280  501D               	movf	_CD4021Buffer,w,c
   936  000282  0012               	return		;funcret
   937  000284                     __end_of_CD4021Read:
   938                           	opt callstack 0
   939                           
   940 ;; *************** function _CD4021Driver *****************
   941 ;; Defined at:
   942 ;;		line 13 in file "mcc_generated_files/CD4021.c"
   943 ;; Parameters:    Size  Location     Type
   944 ;;		None
   945 ;; Auto vars:     Size  Location     Type
   946 ;;  i               2    5[COMRAM] int 
   947 ;;  temp            2    3[COMRAM] int 
   948 ;; Return value:  Size  Location     Type
   949 ;;                  1    wreg      void 
   950 ;; Registers used:
   951 ;;		wreg, status,2, status,0
   952 ;; Tracked objects:
   953 ;;		On entry : 0/F
   954 ;;		On exit  : 0/0
   955 ;;		Unchanged: 0/0
   956 ;; Data sizes:     COMRAM   BANK0   BANK1
   957 ;;      Params:         0       0       0
   958 ;;      Locals:         4       0       0
   959 ;;      Temps:          1       0       0
   960 ;;      Totals:         5       0       0
   961 ;;Total ram usage:        5 bytes
   962 ;; Hardware stack levels used:    1
   963 ;; Hardware stack levels required when called:    3
   964 ;; This function calls:
   965 ;;		Nothing
   966 ;; This function is called by:
   967 ;;		_main
   968 ;; This function uses a non-reentrant model
   969 ;;
   970                           
   971                           	psect	text10
   972  00013E                     __ptext10:
   973                           	opt callstack 0
   974  00013E                     _CD4021Driver:
   975                           	opt callstack 27
   976                           
   977                           ;CD4021.c: 15: int temp = 0;
   978                           
   979                           ;incstack = 0
   980  00013E  0E00               	movlw	0
   981  000140  6E05               	movwf	CD4021Driver@temp+1,c
   982  000142  0E00               	movlw	0
   983  000144  6E04               	movwf	CD4021Driver@temp,c
   984                           
   985                           ;CD4021.c: 16: LATAbits.LATA5 = 0;
   986  000146  9A89               	bcf	3977,5,c	;volatile
   987                           
   988                           ;CD4021.c: 17: LATAbits.LATA3 = 0;
   989  000148  9689               	bcf	3977,3,c	;volatile
   990                           
   991                           ;CD4021.c: 18: __nop();
   992  00014A  F000               	nop	
   993                           
   994                           ;CD4021.c: 19: LATAbits.LATA3 = 1;
   995  00014C  8689               	bsf	3977,3,c	;volatile
   996                           
   997                           ;CD4021.c: 20: __nop();
   998  00014E  F000               	nop	
   999                           
  1000                           ;CD4021.c: 21: LATAbits.LATA3 = 0;
  1001  000150  9689               	bcf	3977,3,c	;volatile
  1002                           
  1003                           ;CD4021.c: 22: for(int i=0;i<8;i++){
  1004  000152  0E00               	movlw	0
  1005  000154  6E07               	movwf	CD4021Driver@i+1,c
  1006  000156  0E00               	movlw	0
  1007  000158  6E06               	movwf	CD4021Driver@i,c
  1008  00015A                     l172:
  1009                           
  1010                           ;CD4021.c: 23: __nop();
  1011  00015A  F000               	nop	
  1012                           
  1013                           ;CD4021.c: 24: LATAbits.LATA5 = 1;
  1014  00015C  8A89               	bsf	3977,5,c	;volatile
  1015                           
  1016                           ;CD4021.c: 25: __nop();
  1017  00015E  F000               	nop	
  1018                           
  1019                           ;CD4021.c: 26: temp |=(PORTAbits.RA4)?1:0;
  1020  000160  A880               	btfss	3968,4,c	;volatile
  1021  000162  D003               	goto	u200
  1022  000164  6A03               	clrf	??_CD4021Driver& (0+255),c
  1023  000166  2A03               	incf	??_CD4021Driver& (0+255),f,c
  1024  000168  D001               	goto	u208
  1025  00016A                     u200:
  1026  00016A  6A03               	clrf	??_CD4021Driver& (0+255),c
  1027  00016C                     u208:
  1028  00016C  5003               	movf	??_CD4021Driver,w,c
  1029  00016E  1204               	iorwf	CD4021Driver@temp,f,c
  1030                           
  1031                           ;CD4021.c: 27: LATAbits.LATA5 = 0;
  1032  000170  9A89               	bcf	3977,5,c	;volatile
  1033                           
  1034                           ;CD4021.c: 28: if(i<7)
  1035  000172  BE07               	btfsc	CD4021Driver@i+1,7,c
  1036  000174  D006               	goto	u210
  1037  000176  5007               	movf	CD4021Driver@i+1,w,c
  1038  000178  E107               	bnz	l174
  1039  00017A  0E07               	movlw	7
  1040  00017C  5C06               	subwf	CD4021Driver@i,w,c
  1041  00017E  B0D8               	btfsc	status,0,c
  1042  000180  D003               	goto	l174
  1043  000182                     u210:
  1044                           
  1045                           ;CD4021.c: 29: temp<<=1;
  1046  000182  90D8               	bcf	status,0,c
  1047  000184  3604               	rlcf	CD4021Driver@temp,f,c
  1048  000186  3605               	rlcf	CD4021Driver@temp+1,f,c
  1049  000188                     l174:
  1050  000188  4A06               	infsnz	CD4021Driver@i,f,c
  1051  00018A  2A07               	incf	CD4021Driver@i+1,f,c
  1052  00018C  BE07               	btfsc	CD4021Driver@i+1,7,c
  1053  00018E  D7E5               	goto	l172
  1054  000190  5007               	movf	CD4021Driver@i+1,w,c
  1055  000192  E104               	bnz	u220
  1056  000194  0E08               	movlw	8
  1057  000196  5C06               	subwf	CD4021Driver@i,w,c
  1058  000198  A0D8               	btfss	status,0,c
  1059  00019A  D7DF               	goto	l172
  1060  00019C                     u220:
  1061                           
  1062                           ;CD4021.c: 30: };CD4021.c: 31: CD4021Buffer = temp;
  1063  00019C  C004  F01D         	movff	CD4021Driver@temp,_CD4021Buffer
  1064                           
  1065                           ;CD4021.c: 32: return;
  1066  0001A0  0012               	return		;funcret
  1067  0001A2                     __end_of_CD4021Driver:
  1068                           	opt callstack 0
  1069                           
  1070 ;; *************** function _INTERRUPT_InterruptManager *****************
  1071 ;; Defined at:
  1072 ;;		line 58 in file "mcc_generated_files/interrupt_manager.c"
  1073 ;; Parameters:    Size  Location     Type
  1074 ;;		None
  1075 ;; Auto vars:     Size  Location     Type
  1076 ;;		None
  1077 ;; Return value:  Size  Location     Type
  1078 ;;                  1    wreg      void 
  1079 ;; Registers used:
  1080 ;;		wreg, status,2, status,0, pclath, tosl, cstack
  1081 ;; Tracked objects:
  1082 ;;		On entry : 0/0
  1083 ;;		On exit  : 0/0
  1084 ;;		Unchanged: 0/0
  1085 ;; Data sizes:     COMRAM   BANK0   BANK1
  1086 ;;      Params:         0       0       0
  1087 ;;      Locals:         0       0       0
  1088 ;;      Temps:          2       0       0
  1089 ;;      Totals:         2       0       0
  1090 ;;Total ram usage:        2 bytes
  1091 ;; Hardware stack levels used:    1
  1092 ;; Hardware stack levels required when called:    2
  1093 ;; This function calls:
  1094 ;;		_TMR0_ISR
  1095 ;; This function is called by:
  1096 ;;		Interrupt level 2
  1097 ;; This function uses a non-reentrant model
  1098 ;;
  1099                           
  1100                           	psect	intcode
  1101  000008                     __pintcode:
  1102                           	opt callstack 0
  1103  000008                     _INTERRUPT_InterruptManager:
  1104                           	opt callstack 25
  1105                           
  1106                           ;incstack = 0
  1107  000008  8221               	bsf	btemp,1,c	;set compiler interrupt flag (level 2)
  1108  00000A  CFFA F001          	movff	pclath,??_INTERRUPT_InterruptManager
  1109  00000E  CFFB F002          	movff	pclatu,??_INTERRUPT_InterruptManager+1
  1110                           
  1111                           ;interrupt_manager.c: 61: if(INTCONbits.TMR0IE == 1 && INTCONbits.TMR0IF == 1)
  1112  000012  BAF2               	btfsc	4082,5,c	;volatile
  1113  000014  A4F2               	btfss	4082,2,c	;volatile
  1114  000016  D002               	goto	i2l114
  1115                           
  1116                           ;interrupt_manager.c: 62: {;interrupt_manager.c: 63: TMR0_ISR();
  1117  000018  ECFE  F000         	call	_TMR0_ISR	;wreg free
  1118  00001C                     i2l114:
  1119  00001C  C002  FFFB         	movff	??_INTERRUPT_InterruptManager+1,pclatu
  1120  000020  C001  FFFA         	movff	??_INTERRUPT_InterruptManager,pclath
  1121  000024  9221               	bcf	btemp,1,c	;clear compiler interrupt flag (level 2)
  1122  000026  0011               	retfie		f
  1123  000028                     __end_of_INTERRUPT_InterruptManager:
  1124                           	opt callstack 0
  1125                           
  1126 ;; *************** function _TMR0_ISR *****************
  1127 ;; Defined at:
  1128 ;;		line 131 in file "mcc_generated_files/tmr0.c"
  1129 ;; Parameters:    Size  Location     Type
  1130 ;;		None
  1131 ;; Auto vars:     Size  Location     Type
  1132 ;;		None
  1133 ;; Return value:  Size  Location     Type
  1134 ;;                  1    wreg      void 
  1135 ;; Registers used:
  1136 ;;		wreg, status,2, status,0, pclath, tosl, cstack
  1137 ;; Tracked objects:
  1138 ;;		On entry : 0/0
  1139 ;;		On exit  : 0/0
  1140 ;;		Unchanged: 0/0
  1141 ;; Data sizes:     COMRAM   BANK0   BANK1
  1142 ;;      Params:         0       0       0
  1143 ;;      Locals:         0       0       0
  1144 ;;      Temps:          0       0       0
  1145 ;;      Totals:         0       0       0
  1146 ;;Total ram usage:        0 bytes
  1147 ;; Hardware stack levels used:    1
  1148 ;; Hardware stack levels required when called:    1
  1149 ;; This function calls:
  1150 ;;		Absolute function
  1151 ;;		_TMR0_DefaultInterruptHandler
  1152 ;; This function is called by:
  1153 ;;		_INTERRUPT_InterruptManager
  1154 ;; This function uses a non-reentrant model
  1155 ;;
  1156                           
  1157                           	psect	text12
  1158  0001FC                     __ptext12:
  1159                           	opt callstack 0
  1160  0001FC                     _TMR0_ISR:
  1161                           	opt callstack 25
  1162                           
  1163                           ;tmr0.c: 135: INTCONbits.TMR0IF = 0;
  1164                           
  1165                           ;incstack = 0
  1166  0001FC  94F2               	bcf	4082,2,c	;volatile
  1167                           
  1168                           ;tmr0.c: 138: TMR0L = timer0ReloadVal;
  1169  0001FE  C020  FFD6         	movff	_timer0ReloadVal,4054	;volatile
  1170                           
  1171                           ;tmr0.c: 140: if(TMR0_InterruptHandler)
  1172  000202  501E               	movf	_TMR0_InterruptHandler,w,c
  1173  000204  101F               	iorwf	_TMR0_InterruptHandler+1,w,c
  1174  000206  B4D8               	btfsc	status,2,c
  1175  000208  0012               	return	
  1176                           
  1177                           ;tmr0.c: 141: {;tmr0.c: 142: TMR0_InterruptHandler();
  1178  00020A  D801               	call	i2u15_48
  1179  00020C  0012               	return	
  1180  00020E                     i2u15_48:
  1181  00020E  0005               	push	
  1182  000210  6EFA               	movwf	pclath,c
  1183  000212  501E               	movf	_TMR0_InterruptHandler,w,c
  1184  000214  6EFD               	movwf	tosl,c
  1185  000216  501F               	movf	_TMR0_InterruptHandler+1,w,c
  1186  000218  6EFE               	movwf	tosh,c
  1187  00021A  50F8               	movf	tblptru,w,c
  1188  00021C  6EFF               	movwf	tosu,c
  1189  00021E  50FA               	movf	pclath,w,c
  1190  000220  0012               	return		;indir
  1191  000222                     __end_of_TMR0_ISR:
  1192                           	opt callstack 0
  1193                           
  1194 ;; *************** function _TMR0_DefaultInterruptHandler *****************
  1195 ;; Defined at:
  1196 ;;		line 153 in file "mcc_generated_files/tmr0.c"
  1197 ;; Parameters:    Size  Location     Type
  1198 ;;		None
  1199 ;; Auto vars:     Size  Location     Type
  1200 ;;		None
  1201 ;; Return value:  Size  Location     Type
  1202 ;;                  1    wreg      void 
  1203 ;; Registers used:
  1204 ;;		wreg, status,2, status,0
  1205 ;; Tracked objects:
  1206 ;;		On entry : 0/0
  1207 ;;		On exit  : 0/0
  1208 ;;		Unchanged: 0/0
  1209 ;; Data sizes:     COMRAM   BANK0   BANK1
  1210 ;;      Params:         0       0       0
  1211 ;;      Locals:         0       0       0
  1212 ;;      Temps:          0       0       0
  1213 ;;      Totals:         0       0       0
  1214 ;;Total ram usage:        0 bytes
  1215 ;; Hardware stack levels used:    1
  1216 ;; This function calls:
  1217 ;;		Nothing
  1218 ;; This function is called by:
  1219 ;;		_TMR0_Initialize
  1220 ;;		_TMR0_ISR
  1221 ;; This function uses a non-reentrant model
  1222 ;;
  1223                           
  1224                           	psect	text13
  1225  00025C                     __ptext13:
  1226                           	opt callstack 0
  1227  00025C                     _TMR0_DefaultInterruptHandler:
  1228                           	opt callstack 25
  1229                           
  1230                           ;tmr0.c: 154: timeCounter++;
  1231                           
  1232                           ;incstack = 0
  1233  00025C  0E01               	movlw	1
  1234  00025E  2615               	addwf	_timeCounter,f,c
  1235  000260  0E00               	movlw	0
  1236  000262  2216               	addwfc	_timeCounter+1,f,c
  1237  000264  2217               	addwfc	_timeCounter+2,f,c
  1238  000266  2218               	addwfc	_timeCounter+3,f,c
  1239  000268  0012               	return		;funcret
  1240  00026A                     __end_of_TMR0_DefaultInterruptHandler:
  1241                           	opt callstack 0
  1242  0000                     
  1243                           	psect	text14
  1244  000000                     __ptext14:
  1245                           	opt callstack 0
  1246                           
  1247                           	psect	rparam
  1248  0000                     
  1249                           	psect	temp
  1250  000021                     btemp:
  1251                           	opt callstack 0
  1252  000021                     	ds	1
  1253  0000                     int$flags	set	btemp
  1254  0000                     wtemp8	set	btemp+1
  1255  0000                     ttemp5	set	btemp+1
  1256  0000                     ttemp6	set	btemp+4
  1257  0000                     ttemp7	set	btemp+8
  1258                           tosu	equ	0xFFF
  1259                           tosh	equ	0xFFE
  1260                           tosl	equ	0xFFD
  1261                           stkptr	equ	0xFFC
  1262                           pclatu	equ	0xFFB
  1263                           pclath	equ	0xFFA
  1264                           pcl	equ	0xFF9
  1265                           tblptru	equ	0xFF8
  1266                           tblptrh	equ	0xFF7
  1267                           tblptrl	equ	0xFF6
  1268                           tablat	equ	0xFF5
  1269                           prodh	equ	0xFF4
  1270                           prodl	equ	0xFF3
  1271                           indf0	equ	0xFEF
  1272                           postinc0	equ	0xFEE
  1273                           postdec0	equ	0xFED
  1274                           preinc0	equ	0xFEC
  1275                           plusw0	equ	0xFEB
  1276                           fsr0h	equ	0xFEA
  1277                           fsr0l	equ	0xFE9
  1278                           wreg	equ	0xFE8
  1279                           indf1	equ	0xFE7
  1280                           postinc1	equ	0xFE6
  1281                           postdec1	equ	0xFE5
  1282                           preinc1	equ	0xFE4
  1283                           plusw1	equ	0xFE3
  1284                           fsr1h	equ	0xFE2
  1285                           fsr1l	equ	0xFE1
  1286                           bsr	equ	0xFE0
  1287                           indf2	equ	0xFDF
  1288                           postinc2	equ	0xFDE
  1289                           postdec2	equ	0xFDD
  1290                           preinc2	equ	0xFDC
  1291                           plusw2	equ	0xFDB
  1292                           fsr2h	equ	0xFDA
  1293                           fsr2l	equ	0xFD9
  1294                           status	equ	0xFD8


Data Sizes:
    Strings     0
    Constant    0
    Data        0
    BSS         9
    Persistent  3
    Stack       0

Auto Spaces:
    Space          Size  Autos    Used
    COMRAM           94     20      32
    BANK0           160      0       0
    BANK1           256      0       0

Pointer List with Targets:

    TMR0_SetInterruptHandler@InterruptHandler	PTR FTN()void  size(2) Largest target is 1
		 -> TMR0_DefaultInterruptHandler(), 

    TMR0_InterruptHandler	PTR FTN()void  size(2) Largest target is 1
		 -> Absolute function(), TMR0_DefaultInterruptHandler(), 


Critical Paths under _main in COMRAM

    _main->_CD4021Driver
    _TMR0_Initialize->_TMR0_SetInterruptHandler

Critical Paths under _INTERRUPT_InterruptManager in COMRAM

    None.

Critical Paths under _main in BANK0

    None.

Critical Paths under _INTERRUPT_InterruptManager in BANK0

    None.

Critical Paths under _main in BANK1

    None.

Critical Paths under _INTERRUPT_InterruptManager in BANK1

    None.

Call Graph Tables:

 ---------------------------------------------------------------------------------
 (Depth) Function   	        Calls       Base Space   Used Autos Params    Refs
 ---------------------------------------------------------------------------------
 (0) _main                                                13    13      0     352
                                              7 COMRAM    13    13      0
                       _CD4021Driver
                         _CD4021Read
                       _CD4094Driver
                       _CD4094WriteL
                  _SYSTEM_Initialize
 ---------------------------------------------------------------------------------
 (1) _SYSTEM_Initialize                                    0     0      0      98
               _INTERRUPT_Initialize
              _OSCILLATOR_Initialize
             _PIN_MANAGER_Initialize
                    _TMR0_Initialize
 ---------------------------------------------------------------------------------
 (2) _TMR0_Initialize                                      0     0      0      98
           _TMR0_SetInterruptHandler
 ---------------------------------------------------------------------------------
 (3) _TMR0_SetInterruptHandler                             2     0      2      98
                                              2 COMRAM     2     0      2
 ---------------------------------------------------------------------------------
 (2) _PIN_MANAGER_Initialize                               0     0      0       0
 ---------------------------------------------------------------------------------
 (2) _OSCILLATOR_Initialize                                0     0      0       0
 ---------------------------------------------------------------------------------
 (2) _INTERRUPT_Initialize                                 0     0      0       0
 ---------------------------------------------------------------------------------
 (1) _CD4094WriteL                                         1     1      0      22
                                              2 COMRAM     1     1      0
 ---------------------------------------------------------------------------------
 (1) _CD4094Driver                                         3     3      0      68
                                              2 COMRAM     3     3      0
 ---------------------------------------------------------------------------------
 (1) _CD4021Read                                           0     0      0       0
 ---------------------------------------------------------------------------------
 (1) _CD4021Driver                                         5     5      0      93
                                              2 COMRAM     5     5      0
 ---------------------------------------------------------------------------------
 Estimated maximum stack depth 3
 ---------------------------------------------------------------------------------
 (Depth) Function   	        Calls       Base Space   Used Autos Params    Refs
 ---------------------------------------------------------------------------------
 (4) _INTERRUPT_InterruptManager                           2     2      0       0
                                              0 COMRAM     2     2      0
                           _TMR0_ISR
 ---------------------------------------------------------------------------------
 (5) _TMR0_ISR                                             0     0      0       0
                   Absolute function *
       _TMR0_DefaultInterruptHandler *
 ---------------------------------------------------------------------------------
 (6) _TMR0_DefaultInterruptHandler                         0     0      0       0
 ---------------------------------------------------------------------------------
 (6) Absolute function(Fake)                               0     0      0       0
 ---------------------------------------------------------------------------------
 Estimated maximum stack depth 6
 ---------------------------------------------------------------------------------

 Call Graph Graphs:

 _main (ROOT)
   _CD4021Driver
   _CD4021Read
   _CD4094Driver
   _CD4094WriteL
   _SYSTEM_Initialize
     _INTERRUPT_Initialize
     _OSCILLATOR_Initialize
     _PIN_MANAGER_Initialize
     _TMR0_Initialize
       _TMR0_SetInterruptHandler

 _INTERRUPT_InterruptManager (ROOT)
   _TMR0_ISR
     Absolute function(Fake) *
     _TMR0_DefaultInterruptHandler *

 Address spaces:
Name               Size   Autos  Total    Cost      Usage
BIGRAM             1FF      0       0       8        0.0%
EEDATA             100      0       0       0        0.0%
BITBANK1           100      0       0       7        0.0%
BANK1              100      0       0       5        0.0%
BITBANK0            A0      0       0       3        0.0%
BANK0               A0      0       0       4        0.0%
BITCOMRAM           5E      0       0       0        0.0%
COMRAM              5E     14      20       1       34.0%
BITSFR_1             0      0       0     200        0.0%
SFR_1                0      0       0     200        0.0%
BITSFR               0      0       0     200        0.0%
SFR                  0      0       0     200        0.0%
STACK                0      0       0       2        0.0%
NULL                 0      0       0       0        0.0%
ABS                  0      0      20       6        0.0%
DATA                 0      0      20       9        0.0%
CODE                 0      0       0       0        0.0%


Microchip Technology PIC18 Macro Assembler V2.05 build -831301201 
Symbol Table                                                                                   Tue Mar 31 14:01:57 2020

                         _timer0ReloadVal 0020                              __CFG_CP0$OFF 000000  
                            __CFG_CP1$OFF 000000                               __CFG_LVP$ON 000000  
                                     l172 015A                                       l174 0188  
                            __CFG_CPB$OFF 000000                                       u200 016A  
                                     u210 0182                                       u220 019C  
                                     u208 016C                                       u160 00FA  
                                     u250 0086                                       u260 00C2  
                                     u190 013C                                       u178 00FC  
                            __CFG_CPD$OFF 000000                                       tosl 000FFD  
                                     wreg 000FE8                main@CD4021DriveTimeCounter 0010  
                                    l1114 00F0                                      l1126 0120  
                                    l1170 0052                                      l1180 009A  
                                    _LATA 000F89                                      _LATB 000F8A  
                                    _LATC 000F8B                                      _WPUB 000F61  
                                    _main 002C                                      _temp 0019  
                                    btemp 0021                             __CFG_BORV$190 000000  
                                    start 0028                             __CFG_IESO$OFF 000000  
                            ___param_bank 000000                          CD4021Driver@temp 0004  
                 __end_of_TMR0_Initialize 01D4            ??_TMR0_DefaultInterruptHandler 0001  
          __size_of_OSCILLATOR_Initialize 000E             __end_of_OSCILLATOR_Initialize 025C  
                            ??_CD4021Read 0003                                     ?_main 0001  
                                   _T0CON 000FD5                            __CFG_DEBUG$OFF 000000  
                                   i2l114 001C                                     _TMR0H 000FD7  
                                   _TMR0L 000FD6                                     _TRISA 000F92  
                                   _TRISB 000F93                                     _TRISC 000F94  
       __size_of_TMR0_SetInterruptHandler 000A                             __CFG_WRT0$OFF 000000  
                           __CFG_WRT1$OFF 000000                 ?_TMR0_SetInterruptHandler 0003  
                          __CFG_EBTR0$OFF 000000                            __CFG_FCMEN$OFF 000000  
                          __CFG_EBTR1$OFF 000000                          __end_of_TMR0_ISR 0222  
                           __CFG_WRTB$OFF 000000                             __CFG_WRTC$OFF 000000  
                           __CFG_WRTD$OFF 000000                            __CFG_EBTRB$OFF 000000  
                      __CFG_MCLRE$EXTMCLR 000000                                     pclath 000FFA  
                                   ttemp5 0022                                     ttemp6 0025  
                                   ttemp7 0029                                     status 000FD8  
                                   wtemp8 0022                            __CFG_HFOFST$ON 000000  
                          __CFG_PBADEN$ON 000000                        __end_of_CD4021Read 0284  
                         __initialization 0222                              __end_of_main 00D8  
             ?_INTERRUPT_InterruptManager 0001                                    ??_main 0008  
                           __activetblptr 000002                                    _ANSELA 000F38  
                                  _ANSELB 000F39                                    _ANSELC 000F3A  
                          __CFG_WDTEN$OFF 000000                                    _OSCCON 000FD3  
                          __CFG_XINST$OFF 000000                            __CFG_STVREN$ON 000000  
                        ?_TMR0_Initialize 0001                                    clear_0 0228  
                                  tblptru 000FF8  TMR0_SetInterruptHandler@InterruptHandler 0003  
           __size_of_INTERRUPT_Initialize 0004                         _SYSTEM_Initialize 023C  
                              __accesstop 0060                   __end_of__initialization 022E  
                      ?_SYSTEM_Initialize 0001                             ___rparam_used 000001  
                           CD4021Driver@i 0006                            __pcstackCOMRAM 0001  
                     ??_SYSTEM_Initialize 0005                                 ?_TMR0_ISR 0001  
                           ?_CD4021Driver 0001                             ?_CD4094Driver 0001  
                           ?_CD4094WriteL 0001                 __end_of_SYSTEM_Initialize 024E  
                         __CFG_PLLCFG$OFF 000000                                __pnvCOMRAM 001E  
                           CD4094Driver@i 0004                        __CFG_CCP2MX$PORTC1 000000  
        __end_of_TMR0_SetInterruptHandler 0274                                ??_TMR0_ISR 0001  
                      __CFG_CCP3MX$PORTB5 000000                            ??_CD4021Driver 0003  
                          ??_CD4094Driver 0003                                   _OSCCON2 000FD2  
                                 i2u15_48 020E                                   _OSCTUNE 000F9B  
                          ??_CD4094WriteL 0003                           __CFG_PWRTEN$OFF 000000  
                                 __Hparam 0000                                   __Lparam 0000  
                                 __pcinit 0222                                   __ramtop 0200  
                                 __ptext0 002C                                   __ptext1 023C  
                                 __ptext2 01A2                                   __ptext3 026A  
                                 __ptext4 01D4                                   __ptext5 024E  
                                 __ptext6 027C                                   __ptext7 0274  
                                 __ptext8 00D8                                   __ptext9 0280  
                   _OSCILLATOR_Initialize 024E                  ??_PIN_MANAGER_Initialize 0003  
              __size_of_SYSTEM_Initialize 0012                      end_of_initialization 022E  
              main@CD4094DriveTimeCounter 000C                             __Lmediumconst 0000  
                                 postinc0 000FEE                  _TMR0_SetInterruptHandler 026A  
                               _PORTAbits 000F80                       CD4094WriteL@BufferL 0003  
                    __end_of_CD4021Driver 01A2                      __end_of_CD4094Driver 013E  
                    __end_of_CD4094WriteL 027C              __end_of_INTERRUPT_Initialize 0280  
                       __size_of_TMR0_ISR 0026                    ?_OSCILLATOR_Initialize 0001  
                     start_initialization 0222                  __size_of_TMR0_Initialize 0032  
         __size_of_PIN_MANAGER_Initialize 0028                               __pbssCOMRAM 0015  
                   _TMR0_InterruptHandler 001E                    _PIN_MANAGER_Initialize 01D4  
                               __pintcode 0008              ??_INTERRUPT_InterruptManager 0001  
                        __CFG_PRICLKEN$ON 000000                                _CD4021Read 0280  
                   __size_of_CD4021Driver 0064                      _INTERRUPT_Initialize 027C  
                   __size_of_CD4094Driver 0066                         ??_TMR0_Initialize 0005  
                                _LATAbits 000F89                     __size_of_CD4094WriteL 0008  
     __size_of_INTERRUPT_InterruptManager 0020                ??_TMR0_SetInterruptHandler 0005  
                                _RCONbits 000FD0                          __CFG_WDTPS$32768 000000  
                                _TMR0_ISR 01FC                              _CD4021Buffer 001D  
                            _CD4021Driver 013E                              _CD4094Buffer 001B  
                            _CD4094Driver 00D8                              _CD4094WriteL 0274  
                             _INTCON2bits 000FF1                     ?_INTERRUPT_Initialize 0001  
                                __Hrparam 0000                                  __Lrparam 0000  
                      __CFG_BOREN$SBORDIS 000000                         __CFG_P2BMX$PORTB5 000000  
                 ??_OSCILLATOR_Initialize 0003                               ?_CD4021Read 0001  
                                __ptext10 013E                                  __ptext12 01FC  
                                __ptext13 025C                                  __ptext14 0000  
                           __size_of_main 00AC      __end_of_TMR0_DefaultInterruptHandler 026A  
   __size_of_TMR0_DefaultInterruptHandler 000E              _TMR0_DefaultInterruptHandler 025C  
                                int$flags 0021        __end_of_INTERRUPT_InterruptManager 0028  
              _INTERRUPT_InterruptManager 0008                                  main@temp 0014  
                              _INTCONbits 000FF2                    ??_INTERRUPT_Initialize 0003  
                                intlevel2 0000                   ?_PIN_MANAGER_Initialize 0001  
                     __size_of_CD4021Read 0004             ?_TMR0_DefaultInterruptHandler 0001  
                             _timeCounter 0015                           _TMR0_Initialize 01A2  
                       __CFG_T3CMX$PORTC0 000000            __end_of_PIN_MANAGER_Initialize 01FC  
                       __CFG_FOSC$INTIO67 000000  
